Log file open, 03/08/19 22:27:53
LogWindows: Failed to load 'aqProf.dll' (GetLastError=126)
LogWindows: File 'aqProf.dll' does not exist
LogWindows: Failed to load 'VtuneApi.dll' (GetLastError=126)
LogWindows: File 'VtuneApi.dll' does not exist
LogWindows: Failed to load 'VtuneApi32e.dll' (GetLastError=126)
LogWindows: File 'VtuneApi32e.dll' does not exist
LogInit: Display: Running engine for game: GitProject
LogPlatformFile: Not using cached read wrapper
LogTaskGraph: Started task graph with 5 named threads and 14 total threads with 3 sets of task threads.
LogStats: Stats thread started at 0.207765
LogD3D11RHI: Loaded GFSDK_Aftermath_Lib.x64.dll
LogICUInternationalization: Display: ICU TimeZone Detection - Raw Offset: +0:00, Platform Override: ''
LogPluginManager: Mounting plugin Paper2D
LogPluginManager: Mounting plugin AISupport
LogPluginManager: Mounting plugin LightPropagationVolume
LogPluginManager: Mounting plugin CLionSourceCodeAccess
LogPluginManager: Mounting plugin CodeLiteSourceCodeAccess
LogPluginManager: Mounting plugin GitSourceControl
LogPluginManager: Mounting plugin KDevelopSourceCodeAccess
LogPluginManager: Mounting plugin NullSourceCodeAccess
LogPluginManager: Mounting plugin PerforceSourceControl
LogPluginManager: Mounting plugin SubversionSourceControl
LogPluginManager: Mounting plugin UObjectPlugin
LogPluginManager: Mounting plugin VisualStudioCodeSourceCodeAccess
LogPluginManager: Mounting plugin VisualStudioSourceCodeAccess
LogPluginManager: Mounting plugin XCodeSourceCodeAccess
LogPluginManager: Mounting plugin AssetManagerEditor
LogPluginManager: Mounting plugin CryptoKeys
LogPluginManager: Mounting plugin DataValidation
LogPluginManager: Mounting plugin FacialAnimation
LogPluginManager: Mounting plugin GameplayTagsEditor
LogPluginManager: Mounting plugin MacGraphicsSwitching
LogPluginManager: Mounting plugin MeshEditor
LogPluginManager: Mounting plugin MobileLauncherProfileWizard
LogPluginManager: Mounting plugin PluginBrowser
LogPluginManager: Mounting plugin SpeedTreeImporter
LogPluginManager: Mounting plugin DatasmithContent
LogPluginManager: Mounting plugin AlembicImporter
LogPluginManager: Mounting plugin AppleImageUtils
LogPluginManager: Mounting plugin AppleVision
LogPluginManager: Mounting plugin BackChannel
LogPluginManager: Mounting plugin CharacterAI
LogPluginManager: Mounting plugin GeometryCache
LogPluginManager: Mounting plugin HTML5Networking
LogPluginManager: Mounting plugin ProxyLODPlugin
LogPluginManager: Mounting plugin MagicLeap
LogPluginManager: Mounting plugin MagicLeapEmulator
LogPluginManager: Mounting plugin MagicLeapMedia
LogPluginManager: Mounting plugin AndroidMedia
LogPluginManager: Mounting plugin AvfMedia
LogPluginManager: Mounting plugin ImgMedia
LogPluginManager: Mounting plugin LinearTimecode
LogPluginManager: Mounting plugin MediaCompositing
LogPluginManager: Mounting plugin MediaPlayerEditor
LogPluginManager: Mounting plugin WmfMedia
LogPluginManager: Mounting plugin TcpMessaging
LogPluginManager: Mounting plugin UdpMessaging
LogPluginManager: Mounting plugin ActorSequence
LogPluginManager: Mounting plugin LevelSequenceEditor
LogPluginManager: Mounting plugin MatineeToLevelSequence
LogPluginManager: Mounting plugin NetcodeUnitTest
LogPluginManager: Mounting plugin NUTUnrealEngine4
LogPluginManager: Mounting plugin OnlineSubsystemGooglePlay
LogPluginManager: Mounting plugin OnlineSubsystemIOS
LogPluginManager: Mounting plugin OnlineSubsystem
LogPluginManager: Mounting plugin OnlineSubsystemNull
LogPluginManager: Mounting plugin OnlineSubsystemUtils
LogPluginManager: Mounting plugin LauncherChunkInstaller
LogPluginManager: Mounting plugin AndroidDeviceProfileSelector
LogPluginManager: Mounting plugin AndroidMoviePlayer
LogPluginManager: Mounting plugin AndroidPermission
LogPluginManager: Mounting plugin AppleMoviePlayer
LogPluginManager: Mounting plugin ArchVisCharacter
LogPluginManager: Mounting plugin AudioCapture
LogPluginManager: Mounting plugin CableComponent
LogPluginManager: Mounting plugin CustomMeshComponent
LogPluginManager: Mounting plugin EditableMesh
LogPluginManager: Mounting plugin ExampleDeviceProfileSelector
LogPluginManager: Mounting plugin GoogleCloudMessaging
LogPluginManager: Mounting plugin ImmediatePhysics
LogPluginManager: Mounting plugin IOSDeviceProfileSelector
LogPluginManager: Mounting plugin LinuxDeviceProfileSelector
LogPluginManager: Mounting plugin LocationServicesBPLibrary
LogPluginManager: Mounting plugin MobilePatchingUtils
LogPluginManager: Mounting plugin OculusVR
LogPluginManager: Plugin shader directory ../../../Engine/Plugins/Runtime/Oculus/OculusVR/Shaders found
LogPluginManager: Mapping shader source directory ../../../Engine/Plugins/Runtime/Oculus/OculusVR/Shaders to virtual directory /Plugin/OculusVR
LogPluginManager: Mounting plugin PhysXVehicles
LogPluginManager: Mounting plugin ProceduralMeshComponent
LogPluginManager: Mounting plugin RuntimePhysXCooking
LogPluginManager: Mounting plugin SteamVR
LogPluginManager: Mounting plugin WindowsMoviePlayer
LogStreaming: Display: Took  0.203s to configure plugins.
LogInit: Using libcurl 7.55.1-DEV
LogInit:  - built for x86_64-pc-win32
LogInit:  - supports SSL with OpenSSL/1.0.2h
LogInit:  - supports HTTP deflate (compression) using libz 1.2.8
LogInit:  - other features:
LogInit:      CURL_VERSION_SSL
LogInit:      CURL_VERSION_LIBZ
LogInit:      CURL_VERSION_IPV6
LogInit:      CURL_VERSION_ASYNCHDNS
LogInit:      CURL_VERSION_LARGEFILE
LogInit:      CURL_VERSION_IDN
LogInit:  CurlRequestOptions (configurable via config and command line):
LogInit:  - bVerifyPeer = false  - Libcurl will NOT verify peer certificate
LogInit:  - bUseHttpProxy = false  - Libcurl will NOT use HTTP proxy
LogInit:  - bDontReuseConnections = false  - Libcurl will reuse connections
LogInit:  - CertBundlePath = nullptr  - Libcurl will use whatever was configured at build time.
LogInit:  - MaxHostConnections = 16  - Libcurl will limit the number of connections to a host
LogInit:  - LocalHostAddr = Default
LogInit:  - BufferSize = 65536
LogInit: WinSock: version 1.1 (2.2), MaxSocks=32767, MaxUdp=65467
LogInit: Build: ++UE4+Release-4.20-CL-4369336
LogInit: Engine Version: 4.20.3-4369336+++UE4+Release-4.20
LogInit: Compatible Engine Version: 4.20.0-4212847+++UE4+Release-4.20
LogInit: Net CL: 4212847
LogInit: OS: Windows 10 (), CPU: Intel(R) Core(TM) i5-6400 CPU @ 2.70GHz, GPU: NVIDIA GeForce GTX 1070
LogInit: Compiled (64-bit): Sep 17 2018 12:26:19
LogInit: Compiled with Visual C++: 19.13.26129.00
LogInit: Build Configuration: Development
LogInit: Branch Name: ++UE4+Release-4.20
LogInit: Command Line:  
LogInit: Base Directory: E:/Unreal/UE_4.20/Engine/Binaries/Win64/
LogInit: Installed Engine Build: 1
LogDevObjectVersion: Number of dev versions registered: 20
LogDevObjectVersion:   Dev-Blueprints (B0D832E4-1F89-4F0D-ACCF-7EB736FD4AA2): 10
LogDevObjectVersion:   Dev-Build (E1C64328-A22C-4D53-A36C-8E866417BD8C): 0
LogDevObjectVersion:   Dev-Core (375EC13C-06E4-48FB-B500-84F0262A717E): 2
LogDevObjectVersion:   Dev-Editor (E4B068ED-F494-42E9-A231-DA0B2E46BB41): 24
LogDevObjectVersion:   Dev-Framework (CFFC743F-43B0-4480-9391-14DF171D2073): 34
LogDevObjectVersion:   Dev-Mobile (B02B49B5-BB20-44E9-A304-32B752E40360): 2
LogDevObjectVersion:   Dev-Networking (A4E4105C-59A1-49B5-A7C5-40C4547EDFEE): 0
LogDevObjectVersion:   Dev-Online (39C831C9-5AE6-47DC-9A44-9C173E1C8E7C): 0
LogDevObjectVersion:   Dev-Physics (78F01B33-EBEA-4F98-B9B4-84EACCB95AA2): 0
LogDevObjectVersion:   Dev-Platform (6631380F-2D4D-43E0-8009-CF276956A95A): 0
LogDevObjectVersion:   Dev-Rendering (12F88B9F-8875-4AFC-A67C-D90C383ABD29): 26
LogDevObjectVersion:   Dev-Sequencer (7B5AE74C-D270-4C10-A958-57980B212A5A): 9
LogDevObjectVersion:   Dev-VR (D7296918-1DD6-4BDD-9DE2-64A83CC13884): 2
LogDevObjectVersion:   Dev-LoadTimes (C2A15278-BFE7-4AFE-6C17-90FF531DF755): 1
LogDevObjectVersion:   Private-Geometry (6EACA3D4-40EC-4CC1-B786-8BED09428FC5): 3
LogDevObjectVersion:   Dev-AnimPhys (29E575DD-E0A3-4627-9D10-D276232CDCEA): 17
LogDevObjectVersion:   Dev-ReflectionCapture (6B266CEC-1EC7-4B8F-A30B-E4D90942FC07): 1
LogDevObjectVersion:   Dev-Automation (0DF73D61-A23F-47EA-B727-89E90C41499A): 1
LogDevObjectVersion:   FortniteMain (601D1886-AC64-4F84-AA16-D3DE0DEAC7D6): 12
LogDevObjectVersion:   Dev-Enterprise (9DFFBCD6-494F-0158-E221-12823C92A888): 1
LogStreaming: Display: Took  0.001s to delete old logs.
LogInit: Presizing for max 8388607 objects, including 0 objects not considered by GC, pre-allocating 0 bytes for permanent pool.
LogInit: Object subsystem initialized
[2019.03.08-22.27.54:276][  0]LogInit: Selected Device Profile: [Windows]
[2019.03.08-22.27.54:276][  0]LogInit: Applying CVar settings loaded from the selected device profile: [Windows]
[2019.03.08-22.27.54:287][  0]LogHAL: Display: Platform has ~ 16 GB [17105739776 / 17179869184 / 16], which maps to Larger [LargestMinGB=32, LargerMinGB=12, DefaultMinGB=8, SmallerMinGB=6, SmallestMinGB=0)
[2019.03.08-22.27.54:287][  0]LogInit: Setting Device Profile CVar: [[r.Vulkan.UseRealUBs:1]]
[2019.03.08-22.27.54:287][  0]LogInit: Going up to parent DeviceProfile []
[2019.03.08-22.27.54:287][  0]LogInit: Computer: ANDREW-DESKTOP
[2019.03.08-22.27.54:287][  0]LogInit: User: Andrew
[2019.03.08-22.27.54:287][  0]LogInit: CPU Page size=4096, Cores=4
[2019.03.08-22.27.54:287][  0]LogInit: High frequency timer resolution =2.648437 MHz
[2019.03.08-22.27.54:288][  0]LogMemory: Memory total: Physical=15.9GB (16GB approx)
[2019.03.08-22.27.54:288][  0]LogMemory: Platform Memory Stats for Windows
[2019.03.08-22.27.54:288][  0]LogMemory: Process Physical Memory: 100.17 MB used, 100.17 MB peak
[2019.03.08-22.27.54:288][  0]LogMemory: Process Virtual Memory: 84.54 MB used, 84.54 MB peak
[2019.03.08-22.27.54:288][  0]LogMemory: Physical Memory: 5779.03 MB used,  10534.28 MB free, 16313.30 MB total
[2019.03.08-22.27.54:288][  0]LogMemory: Virtual Memory: 4625.68 MB used,  10534.28 MB free, 134217728.00 MB total
[2019.03.08-22.27.54:318][  0]LogInit: Using OS detected language (en-GB).
[2019.03.08-22.27.54:318][  0]LogInit: Using OS detected locale (en-GB).
[2019.03.08-22.27.54:320][  0]LogTextLocalizationManager: No specific localization for 'en-GB' exists, so the 'en' localization will be used.
[2019.03.08-22.27.54:740][  0]LogStreaming: Display: Took  0.421s to InitEngineTextLocalization.
[2019.03.08-22.27.54:740][  0]LogInit: Setting process to per monitor DPI aware
[2019.03.08-22.27.54:782][  0]LogSlate: New Slate User Created.  User Index 0, Is Virtual User: 0
[2019.03.08-22.27.54:782][  0]LogSlate: Slate User Registered.  User Index 0, Is Virtual User: 0
[2019.03.08-22.27.55:185][  0]LogHMD: Failed to initialize OpenVR with code 100
[2019.03.08-22.27.55:185][  0]LogD3D11RHI: D3D11 adapters:
[2019.03.08-22.27.55:242][  0]LogD3D11RHI:    0. 'NVIDIA GeForce GTX 1070' (Feature Level 11_0)
[2019.03.08-22.27.55:242][  0]LogD3D11RHI:       8096/0/8156 MB DedicatedVideo/DedicatedSystem/SharedSystem, Outputs:2, VendorId:0x10de
[2019.03.08-22.27.55:245][  0]LogD3D11RHI:    1. 'Microsoft Basic Render Driver' (Feature Level 11_0)
[2019.03.08-22.27.55:245][  0]LogD3D11RHI:       0/0/8156 MB DedicatedVideo/DedicatedSystem/SharedSystem, Outputs:0, VendorId:0x1414
[2019.03.08-22.27.55:245][  0]LogD3D11RHI: Chosen D3D11 Adapter: 0
[2019.03.08-22.27.55:253][  0]LogD3D11RHI: Creating new Direct3DDevice
[2019.03.08-22.27.55:253][  0]LogD3D11RHI:     GPU DeviceId: 0x1b81 (for the marketing name, search the web for "GPU Device Id")
[2019.03.08-22.27.55:253][  0]LogWindows: EnumDisplayDevices:
[2019.03.08-22.27.55:254][  0]LogWindows:    0. 'NVIDIA GeForce GTX 1070' (P:1 D:1)
[2019.03.08-22.27.55:254][  0]LogWindows:    1. 'NVIDIA GeForce GTX 1070' (P:0 D:1)
[2019.03.08-22.27.55:255][  0]LogWindows:    2. 'NVIDIA GeForce GTX 1070' (P:0 D:0)
[2019.03.08-22.27.55:255][  0]LogWindows:    3. 'NVIDIA GeForce GTX 1070' (P:0 D:0)
[2019.03.08-22.27.55:255][  0]LogWindows: DebugString: FoundDriverCount:4 
[2019.03.08-22.27.55:255][  0]LogD3D11RHI:     Adapter Name: NVIDIA GeForce GTX 1070
[2019.03.08-22.27.55:255][  0]LogD3D11RHI:   Driver Version: 388.59 (internal:23.21.13.8859, unified:388.59)
[2019.03.08-22.27.55:255][  0]LogD3D11RHI:      Driver Date: 12-5-2017
[2019.03.08-22.27.55:255][  0]LogRHI: Texture pool is 5667 MB (70% of 8096 MB)
[2019.03.08-22.27.55:284][  0]LogD3D11RHI: Async texture creation enabled
[2019.03.08-22.27.55:295][  0]LogD3D11RHI: GPU Timing Frequency: 1000.000000 (Debug: 2 1)
[2019.03.08-22.27.55:389][  0]LogShaderCompilers: Guid format shader working directory is 6 characters bigger than the processId version (../../../../../GitHub Folder/GitProject/Intermediate/Shaders/WorkingDirectory/12304/).
[2019.03.08-22.27.55:389][  0]LogShaderCompilers: Cleaned the shader compiler working directory 'C:/Users/andre/AppData/Local/Temp/UnrealShaderWorkingDir/8ED8867540CC1067D689AEA97DADAA20/'.
[2019.03.08-22.27.55:726][  0]LogTemp: Display: Loaded TP AllDesktopTargetPlatform
[2019.03.08-22.27.55:740][  0]LogTemp: Display: Loaded TP MacClientTargetPlatform
[2019.03.08-22.27.55:755][  0]LogTemp: Display: Loaded TP MacNoEditorTargetPlatform
[2019.03.08-22.27.55:769][  0]LogTemp: Display: Loaded TP MacServerTargetPlatform
[2019.03.08-22.27.55:784][  0]LogTemp: Display: Loaded TP MacTargetPlatform
[2019.03.08-22.27.55:798][  0]LogTemp: Display: Loaded TP WindowsClientTargetPlatform
[2019.03.08-22.27.55:812][  0]LogTemp: Display: Loaded TP WindowsNoEditorTargetPlatform
[2019.03.08-22.27.55:826][  0]LogTemp: Display: Loaded TP WindowsServerTargetPlatform
[2019.03.08-22.27.55:832][  0]LogTemp: Display: Loaded TP WindowsTargetPlatform
[2019.03.08-22.27.55:917][  0]LogTemp: Display: Loaded TP AndroidTargetPlatform
[2019.03.08-22.27.55:917][  0]LogTemp: Display: Loaded TP AndroidTargetPlatform
[2019.03.08-22.27.55:917][  0]LogTemp: Display: Loaded TP AndroidTargetPlatform
[2019.03.08-22.27.55:917][  0]LogTemp: Display: Loaded TP AndroidTargetPlatform
[2019.03.08-22.27.55:917][  0]LogTemp: Display: Loaded TP AndroidTargetPlatform
[2019.03.08-22.27.55:917][  0]LogTemp: Display: Loaded TP AndroidTargetPlatform
[2019.03.08-22.27.55:917][  0]LogTemp: Display: Loaded TP AndroidTargetPlatform
[2019.03.08-22.27.55:917][  0]LogTemp: Display: Loaded TP AndroidTargetPlatform
[2019.03.08-22.27.55:917][  0]LogTemp: Display: Loaded TP AndroidTargetPlatform
[2019.03.08-22.27.55:917][  0]LogTemp: Display: Loaded TP AndroidTargetPlatform
[2019.03.08-22.27.55:917][  0]LogTemp: Display: Loaded TP AndroidTargetPlatform
[2019.03.08-22.27.55:917][  0]LogTemp: Display: Loaded TP AndroidTargetPlatform
[2019.03.08-22.27.55:917][  0]LogTemp: Display: Loaded TP AndroidTargetPlatform
[2019.03.08-22.27.55:917][  0]LogTemp: Display: Loaded TP AndroidTargetPlatform
[2019.03.08-22.27.55:917][  0]LogTemp: Display: Loaded TP AndroidTargetPlatform
[2019.03.08-22.27.55:917][  0]LogTemp: Display: Loaded TP AndroidTargetPlatform
[2019.03.08-22.27.55:917][  0]LogTemp: Display: Loaded TP AndroidTargetPlatform
[2019.03.08-22.27.55:917][  0]LogTemp: Display: Loaded TP AndroidTargetPlatform
[2019.03.08-22.27.55:919][  0]LogTemp: Display: Loaded TP HTML5TargetPlatform
[2019.03.08-22.27.55:982][  0]LogTemp: Display: Loaded TP IOSTargetPlatform
[2019.03.08-22.27.55:982][  0]LogTemp: Display: Loaded TP IOSTargetPlatform
[2019.03.08-22.27.56:008][  0]LogTemp: Display: Loaded TP TVOSTargetPlatform
[2019.03.08-22.27.56:008][  0]LogTemp: Display: Loaded TP TVOSTargetPlatform
[2019.03.08-22.27.56:022][  0]LogTemp: Display: Loaded TP LinuxClientTargetPlatform
[2019.03.08-22.27.56:036][  0]LogTemp: Display: Loaded TP LinuxNoEditorTargetPlatform
[2019.03.08-22.27.56:050][  0]LogTemp: Display: Loaded TP LinuxServerTargetPlatform
[2019.03.08-22.27.56:066][  0]LogTemp: Display: Loaded TP LinuxTargetPlatform
[2019.03.08-22.27.56:076][  0]LogTemp: Display: Loaded TP LuminTargetPlatform
[2019.03.08-22.27.56:076][  0]LogTargetPlatformManager: Display: Building Assets For Windows
[2019.03.08-22.27.56:145][  0]LogXGEController: Cleaning working directory: C:/Users/andre/AppData/Local/Temp/UnrealXGEWorkingDir/
[2019.03.08-22.27.56:145][  0]LogXGEController: Cannot use XGE Controller as Incredibuild is not installed on this machine.
[2019.03.08-22.27.56:145][  0]LogShaderCompilers: Cannot use XGE Shader Compiler as Incredibuild is not installed on this machine.
[2019.03.08-22.27.56:145][  0]LogShaderCompilers: Display: Using Local Shader Compiler.
[2019.03.08-22.27.56:933][  0]LogDerivedDataCache: Display: Max Cache Size: 512 MB
[2019.03.08-22.27.56:994][  0]LogDerivedDataCache: Loaded boot cache 0.06s 71MB C:/Users/andre/AppData/Local/UnrealEngine/4.20/DerivedDataCache/Boot.ddc.
[2019.03.08-22.27.56:995][  0]LogDerivedDataCache: Display: Loaded Boot cache: C:/Users/andre/AppData/Local/UnrealEngine/4.20/DerivedDataCache/Boot.ddc
[2019.03.08-22.27.56:995][  0]LogDerivedDataCache: FDerivedDataBackendGraph:  Pak pak cache file ../../../../../GitHub Folder/GitProject/DerivedDataCache/DDC.ddp not found, will not use a pak cache.
[2019.03.08-22.27.56:995][  0]LogDerivedDataCache: Unable to find inner node Pak for hierarchical cache Hierarchy.
[2019.03.08-22.27.56:995][  0]LogDerivedDataCache: FDerivedDataBackendGraph:  CompressedPak pak cache file ../../../../../GitHub Folder/GitProject/DerivedDataCache/Compressed.ddp not found, will not use a pak cache.
[2019.03.08-22.27.56:995][  0]LogDerivedDataCache: Unable to find inner node CompressedPak for hierarchical cache Hierarchy.
[2019.03.08-22.27.57:010][  0]LogDerivedDataCache: Display: Pak cache opened for reading ../../../Engine/DerivedDataCache/Compressed.ddp.
[2019.03.08-22.27.57:023][  0]LogDerivedDataCache: Using Local data cache path C:/Users/andre/AppData/Local/UnrealEngine/Common/DerivedDataCache: Writable
[2019.03.08-22.27.57:023][  0]LogDerivedDataCache: Shared data cache path not found in *engine.ini, will not use an Shared cache.
[2019.03.08-22.27.57:023][  0]LogDerivedDataCache: Unable to find inner node Shared for hierarchical cache Hierarchy.
[2019.03.08-22.27.57:043][  0]LogMaterial: Verifying Global Shaders for PCD3D_SM5
[2019.03.08-22.27.57:045][  0]LogSlate: Using FreeType 2.6.0
[2019.03.08-22.27.57:046][  0]LogSlate: SlateFontServices - WITH_FREETYPE: 1, WITH_HARFBUZZ: 1
[2019.03.08-22.27.57:143][  0]LogAssetRegistry: FAssetRegistry took 0.0266 seconds to start up
[2019.03.08-22.27.57:491][  0]LogInit: Selected Device Profile: [Windows]
[2019.03.08-22.27.57:638][  0]LogSimplygon: Simplygon DLL not present - disabling.
[2019.03.08-22.27.57:642][  0]LogMeshReduction: Using SimplygonSwarm for distributed automatic mesh merging
[2019.03.08-22.27.57:642][  0]LogMeshReduction: Using ProxyLODMeshReduction for automatic mesh merging
[2019.03.08-22.27.57:642][  0]LogMeshReduction: Using QuadricMeshReduction for automatic static mesh reduction
[2019.03.08-22.27.57:642][  0]LogMeshReduction: No automatic skeletal mesh reduction module available
[2019.03.08-22.27.57:673][  0]LogNetVersion: GitProject 1.0.0, NetCL: 4212847, EngineNetVer: 5, GameNetVer: 0 (Checksum: 423630275)
[2019.03.08-22.27.58:278][  0]LogPackageLocalizationCache: Processed 11 localized package path(s) for 2 prioritized culture(s) in 0.141090 seconds
[2019.03.08-22.27.58:287][  0]LogUObjectArray: 38425 objects as part of root set at end of initial load.
[2019.03.08-22.27.58:287][  0]LogUObjectAllocator: 6690864 out of 0 bytes used by permanent object pool.
[2019.03.08-22.27.58:287][  0]LogUObjectArray: CloseDisregardForGC: 0/0 objects in disregard for GC pool
[2019.03.08-22.27.59:433][  0]LogTcpMessaging: Initializing TcpMessaging bridge
[2019.03.08-22.27.59:446][  0]LogUdpMessaging: Initializing bridge on interface 0.0.0.0:0 to multicast group 230.0.0.1:6666.
[2019.03.08-22.27.59:610][  0]SourceControl: Source control is disabled
[2019.03.08-22.27.59:610][  0]SourceControl: Source control is disabled
[2019.03.08-22.27.59:612][  0]SourceControl: Source control is disabled
[2019.03.08-22.27.59:613][  0]SourceControl: Source control is disabled
[2019.03.08-22.27.59:806][  0]LogAndroidPermission: UAndroidPermissionCallbackProxy::GetInstance
[2019.03.08-22.27.59:966][  0]LogOcInput: OculusInput pre-init called
[2019.03.08-22.28.00:034][  0]LogEngine: Initializing Engine...
[2019.03.08-22.28.00:035][  0]LogHMD: Failed to initialize OpenVR with code 100
[2019.03.08-22.28.00:037][  0]LogStats: UGameplayTagsManager::ConstructGameplayTagTree: ImportINI prefixes -  0.000 s
[2019.03.08-22.28.00:037][  0]LogStats: UGameplayTagsManager::ConstructGameplayTagTree: Construct from data asset -  0.000 s
[2019.03.08-22.28.00:037][  0]LogStats: UGameplayTagsManager::ConstructGameplayTagTree: ImportINI -  0.000 s
[2019.03.08-22.28.00:037][  0]LogStats: UGameplayTagsManager::ConstructGameplayTagTree: GameplayTagTreeChangedEvent.Broadcast -  0.000 s
[2019.03.08-22.28.00:286][  0]LogInit: Initializing FReadOnlyCVARCache
[2019.03.08-22.28.00:298][  0]LogAIModule: Creating AISystem for world Untitled
[2019.03.08-22.28.00:346][  0]LogInit: XAudio2 using 'Speakers (AFX Microphone)' : 2 channels at 48 kHz using 16 bits per sample (channel mask 0x3)
[2019.03.08-22.28.00:378][  0]LogInit: FAudioDevice initialized.
[2019.03.08-22.28.00:378][  0]LogNetVersion: Set ProjectVersion to 1.0.0.0. Version Checksum will be recalculated on next use.
[2019.03.08-22.28.00:526][  0]LogDerivedDataCache: Saved boot cache 0.15s 71MB C:/Users/andre/AppData/Local/UnrealEngine/4.20/DerivedDataCache/Boot.ddc.
[2019.03.08-22.28.00:539][  0]LogInit: Texture streaming: Enabled
[2019.03.08-22.28.00:558][  0]LogEngineSessionManager: EngineSessionManager initialized
[2019.03.08-22.28.00:573][  0]LogInit: Transaction tracking system initialized
[2019.03.08-22.28.00:595][  0]BlueprintLog: New page: Editor Load
[2019.03.08-22.28.00:686][  0]LocalizationService: Localization service is disabled
[2019.03.08-22.28.00:754][  0]LogLinker: Warning: Can't find file '/Game/RollingBP/RollingOverview'
[2019.03.08-22.28.00:755][  0]LogLinker: Warning: Can't find file '/Game/RollingBP/RollingOverview'
[2019.03.08-22.28.00:755][  0]LogUObjectGlobals: Warning: Failed to find object 'Class /Game/RollingBP/RollingOverview.RollingOverview_C'
[2019.03.08-22.28.00:960][  0]LogCook: Display: Max memory allowance for cook 16384mb min free memory 0mb
[2019.03.08-22.28.00:960][  0]LogCook: Display: Mobile HDR setting 1
[2019.03.08-22.28.00:960][  0]LogGameplayTags: Display: UGameplayTagsManager::DoneAddingNativeTags. DelegateIsBound: 0
[2019.03.08-22.28.00:960][  0]LogStats: UGameplayTagsManager::ConstructGameplayTagTree: ImportINI prefixes -  0.000 s
[2019.03.08-22.28.00:960][  0]LogStats: UGameplayTagsManager::ConstructGameplayTagTree: Construct from data asset -  0.000 s
[2019.03.08-22.28.00:960][  0]LogStats: UGameplayTagsManager::ConstructGameplayTagTree: ImportINI -  0.000 s
[2019.03.08-22.28.00:960][  0]LogStats: UGameplayTagsManager::ConstructGameplayTagTree: GameplayTagTreeChangedEvent.Broadcast -  0.000 s
[2019.03.08-22.28.01:086][  0]LogFileCache: Scanning file cache for directory 'E:/GitHub Folder/GitProject/Content/' took 0.02s
[2019.03.08-22.28.01:086][  0]SourceControl: Source control is disabled
[2019.03.08-22.28.01:086][  0]Cmd: MAP LOAD FILE="../../../Engine/Content/Maps/Templates/Template_Default.umap" TEMPLATE=1 SHOWPROGRESS=1 FEATURELEVEL=3
[2019.03.08-22.28.01:086][  0]LightingResults: New page: Lighting Build
[2019.03.08-22.28.01:089][  0]MapCheck: New page: Map Check
[2019.03.08-22.28.01:089][  0]LightingResults: New page: Lighting Build
[2019.03.08-22.28.01:313][  0]LogAIModule: Creating AISystem for world Untitled_1
[2019.03.08-22.28.01:319][  0]LogEditorServer: Finished looking for orphan Actors (0.000 secs)
[2019.03.08-22.28.01:343][  0]Cmd: MAP CHECKDEP NOCLEARLOG
[2019.03.08-22.28.01:425][  0]MapCheck: Map check complete: 0 Error(s), 0 Warning(s), took 83.103ms to complete.
[2019.03.08-22.28.01:426][  0]LogFileHelpers: Loading map 'Template_Default' took 0.340
[2019.03.08-22.28.01:565][  0]LogSlate: Updating window title bar state: overlay mode, drag disabled, window buttons hidden, title bar hidden
[2019.03.08-22.28.01:574][  0]LogSlate: Updating window title bar state: overlay mode, drag disabled, window buttons hidden, title bar hidden
[2019.03.08-22.28.01:582][  0]LogSlate: Updating window title bar state: overlay mode, drag disabled, window buttons hidden, title bar hidden
[2019.03.08-22.28.01:590][  0]LogSlate: Updating window title bar state: overlay mode, drag disabled, window buttons hidden, title bar hidden
[2019.03.08-22.28.01:597][  0]LogCollectionManager: Loaded 0 collections in 0.001417 seconds
[2019.03.08-22.28.01:651][  0]LogFileCache: Scanning file cache for directory 'E:/GitHub Folder/GitProject/Saved/Collections/' took 0.01s
[2019.03.08-22.28.01:651][  0]LogFileCache: Scanning file cache for directory 'E:/GitHub Folder/GitProject/Content/Developers/Andrew/Collections/' took 0.01s
[2019.03.08-22.28.01:651][  0]LogFileCache: Scanning file cache for directory 'E:/GitHub Folder/GitProject/Content/Collections/' took 0.01s
[2019.03.08-22.28.01:651][  0]LogCollectionManager: Rebuilt the GUID cache for 0 collections in 0.000001 seconds
[2019.03.08-22.28.01:661][  0]LogContentBrowser: Native class hierarchy populated in 0.0097 seconds. Added 2572 classes and 603 folders.
[2019.03.08-22.28.01:667][  0]LogContentBrowser: Native class hierarchy updated for 'WidgetCarousel' in 0.0003 seconds. Added 0 classes and 0 folders.
[2019.03.08-22.28.01:763][  0]LogContentBrowser: Native class hierarchy updated for 'AddContentDialog' in 0.0003 seconds. Added 0 classes and 0 folders.
[2019.03.08-22.28.01:768][  0]LogContentBrowser: Native class hierarchy updated for 'SceneOutliner' in 0.0004 seconds. Added 1 classes and 2 folders.
[2019.03.08-22.28.01:784][  0]LogSlate: Took 0.000308 seconds to synchronously load lazily loaded font '../../../Engine/Content/Slate/Fonts/Roboto-Regular.ttf' (155K)
[2019.03.08-22.28.01:786][  0]LogSlate: Took 0.000267 seconds to synchronously load lazily loaded font '../../../Engine/Content/Slate/Fonts/Roboto-Bold.ttf' (160K)
[2019.03.08-22.28.01:791][  0]LogSlate: Took 0.000350 seconds to synchronously load lazily loaded font '../../../Engine/Content/Editor/Slate/Fonts/FontAwesome.ttf' (139K)
[2019.03.08-22.28.01:878][  0]LogRenderer: Reallocating scene render targets to support 1084x700 Format 10 NumSamples 1 (Frame:1).
[2019.03.08-22.28.01:985][  0]LogContentBrowser: Native class hierarchy updated for 'HierarchicalLODOutliner' in 0.0004 seconds. Added 0 classes and 0 folders.
[2019.03.08-22.28.01:985][  0]LogLoad: (Engine Initialization) Total time: 10.17 seconds
[2019.03.08-22.28.01:985][  0]LogLoad: (Engine Initialization) Total Blueprint compile time: 0.00 seconds
[2019.03.08-22.28.01:995][  0]LogWindowsTextInputMethodSystem: Display: IME system now deactivated.
[2019.03.08-22.28.02:016][  0]LogContentStreaming: Texture pool size now 1000 MB
[2019.03.08-22.28.02:027][  0]LogSlate: Took 0.000363 seconds to synchronously load lazily loaded font '../../../Engine/Content/Slate/Fonts/Roboto-Light.ttf' (167K)
[2019.03.08-22.28.02:059][  1]LogAssetRegistry: Asset discovery search completed in 4.9374 seconds
[2019.03.08-22.28.02:060][  1]LogCollectionManager: Rebuilt the object cache for 0 collections in 0.000000 seconds (found 0 objects)
[2019.03.08-22.28.02:060][  1]LogCollectionManager: Fixed up redirectors for 0 collections in 0.000064 seconds (updated 0 objects)
[2019.03.08-22.28.24:328][532]LogSlate: FSceneViewport::OnFocusLost() reason 0
[2019.03.08-22.28.24:539][532]LogTemp: Repeating last play command: Selected Viewport
[2019.03.08-22.28.24:556][532]LogPlayLevel: PlayLevel: No blueprints needed recompiling
[2019.03.08-22.28.24:568][532]PIE: New page: PIE session: Untitled_1 (8 Mar 2019 22:28:24)
[2019.03.08-22.28.24:568][532]LogPlayLevel: Creating play world package: /Temp/UEDPIE_0_Untitled_1
[2019.03.08-22.28.24:571][532]LogPlayLevel: PIE: StaticDuplicateObject took: (0.003062s)
[2019.03.08-22.28.24:572][532]LogAIModule: Creating AISystem for world Untitled_1
[2019.03.08-22.28.24:572][532]LogPlayLevel: PIE: World Init took: (0.000902s)
[2019.03.08-22.28.24:572][532]LogPlayLevel: PIE: Created PIE world by copying editor world from /Temp/Untitled_1.Untitled_1 to /Temp/UEDPIE_0_Untitled_1.Untitled_1 (0.004167s)
[2019.03.08-22.28.24:640][532]LogInit: XAudio2 using 'Speakers (AFX Microphone)' : 2 channels at 48 kHz using 16 bits per sample (channel mask 0x3)
[2019.03.08-22.28.24:670][532]LogInit: FAudioDevice initialized.
[2019.03.08-22.28.24:712][532]LogLoad: Game class is 'GameModeBase'
[2019.03.08-22.28.24:714][532]LogWorld: Bringing World /Temp/UEDPIE_0_Untitled_1.Untitled_1 up for play (max tick rate 0) at 2019.03.08-22.28.24
[2019.03.08-22.28.24:714][532]LogWorld: Bringing up level for play took: 0.000712
[2019.03.08-22.28.24:757][532]LogContentBrowser: Native class hierarchy updated for 'MovieSceneCapture' in 0.0004 seconds. Added 10 classes and 0 folders.
[2019.03.08-22.28.24:770][532]PIE: Play in editor start time for /Temp/UEDPIE_0_Untitled_1 0.392
[2019.03.08-22.28.29:966][150]LogSlate: Updating window title bar state: overlay mode, drag disabled, window buttons hidden, title bar hidden
[2019.03.08-22.28.30:000][150]LogPlayLevel: Display: Shutting down PIE online subsystems
[2019.03.08-22.28.30:026][150]LogSlate: Updating window title bar state: overlay mode, drag disabled, window buttons hidden, title bar hidden
[2019.03.08-22.28.30:065][152]LogPlayLevel: Display: Destroying online subsystem :Context_1
[2019.03.08-22.28.30:831][243]LogSlate: FSceneViewport::OnFocusLost() reason 0
[2019.03.08-22.28.30:993][261]LogSlate: Took 0.000354 seconds to synchronously load lazily loaded font '../../../Engine/Content/Slate/Fonts/Roboto-Light.ttf' (167K)
[2019.03.08-22.28.31:316][261]LogAIModule: Creating AISystem for world Level1
[2019.03.08-22.28.31:332][261]LogAssetEditorManager: Opening Asset editor for World /Game/Level1.Level1
[2019.03.08-22.28.31:358][261]Cmd: MAP LOAD FILE="../../../../../GitHub Folder/GitProject/Content/Level1.umap" TEMPLATE=0 SHOWPROGRESS=1 FEATURELEVEL=3
[2019.03.08-22.28.31:358][261]LightingResults: New page: Lighting Build
[2019.03.08-22.28.31:359][261]LoadErrors: New page: Loading map: Level1.umap
[2019.03.08-22.28.31:359][261]MapCheck: New page: Map Check
[2019.03.08-22.28.31:359][261]LightingResults: New page: Lighting Build
[2019.03.08-22.28.31:419][261]LogEditorServer: Finished looking for orphan Actors (0.000 secs)
[2019.03.08-22.28.31:476][261]Cmd: MAP CHECKDEP NOCLEARLOG
[2019.03.08-22.28.31:572][261]MapCheck: Map check complete: 0 Error(s), 0 Warning(s), took 95.439ms to complete.
[2019.03.08-22.28.31:573][261]LogFileHelpers: Loading map 'Level1' took 0.215
[2019.03.08-22.28.32:075][314]LogTemp: Repeating last play command: Selected Viewport
[2019.03.08-22.28.32:088][314]LogBlueprintUserMessages: Early PlayInEditor Detection: Level '/Game/Level1.Level1:PersistentLevel' has LevelScriptBlueprint '/Game/Level1.Level1:PersistentLevel.Level1' with GeneratedClass '/Game/Level1.Level1_C' with ClassGeneratedBy '/Game/Level1.Level1:PersistentLevel.Level1'
[2019.03.08-22.28.32:088][314]LogPlayLevel: PlayLevel: No blueprints needed recompiling
[2019.03.08-22.28.32:088][314]PIE: New page: PIE session: Level1 (8 Mar 2019 22:28:32)
[2019.03.08-22.28.32:088][314]LogPlayLevel: Creating play world package: /Game/UEDPIE_0_Level1
[2019.03.08-22.28.32:108][314]LogPlayLevel: PIE: StaticDuplicateObject took: (0.020213s)
[2019.03.08-22.28.32:109][314]LogAIModule: Creating AISystem for world Level1
[2019.03.08-22.28.32:109][314]LogPlayLevel: PIE: World Init took: (0.000659s)
[2019.03.08-22.28.32:109][314]LogPlayLevel: PIE: Created PIE world by copying editor world from /Game/Level1.Level1 to /Game/UEDPIE_0_Level1.Level1 (0.020992s)
[2019.03.08-22.28.32:171][314]LogInit: XAudio2 using 'Speakers (AFX Microphone)' : 2 channels at 48 kHz using 16 bits per sample (channel mask 0x3)
[2019.03.08-22.28.32:195][314]LogInit: FAudioDevice initialized.
[2019.03.08-22.28.32:230][314]LogLoad: Game class is 'GameModeBase'
[2019.03.08-22.28.32:233][314]LogWorld: Bringing World /Game/UEDPIE_0_Level1.Level1 up for play (max tick rate 0) at 2019.03.08-22.28.32
[2019.03.08-22.28.32:234][314]LogWorld: Bringing up level for play took: 0.003608
[2019.03.08-22.28.32:248][314]PIE: Play in editor start time for /Game/UEDPIE_0_Level1 -0.13
[2019.03.08-22.28.32:248][314]LogBlueprintUserMessages: Late PlayInEditor Detection: Level '/Game/Level1.Level1:PersistentLevel' has LevelScriptBlueprint '/Game/Level1.Level1:PersistentLevel.Level1' with GeneratedClass '/Game/Level1.Level1_C' with ClassGeneratedBy '/Game/Level1.Level1:PersistentLevel.Level1'
[2019.03.08-22.28.55:025][ 45]LogBlueprintUserMessages: Early EndPlayMap Detection: Level '/Game/Level1.Level1:PersistentLevel' has LevelScriptBlueprint '/Game/Level1.Level1:PersistentLevel.Level1' with GeneratedClass '/Game/Level1.Level1_C' with ClassGeneratedBy '/Game/Level1.Level1:PersistentLevel.Level1'
[2019.03.08-22.28.55:025][ 45]LogSlate: Updating window title bar state: overlay mode, drag disabled, window buttons hidden, title bar hidden
[2019.03.08-22.28.55:061][ 45]LogPlayLevel: Display: Shutting down PIE online subsystems
[2019.03.08-22.28.55:061][ 45]LogBlueprintUserMessages: Late EndPlayMap Detection: Level '/Game/Level1.Level1:PersistentLevel' has LevelScriptBlueprint '/Game/Level1.Level1:PersistentLevel.Level1' with GeneratedClass '/Game/Level1.Level1_C' with ClassGeneratedBy '/Game/Level1.Level1:PersistentLevel.Level1'
[2019.03.08-22.28.55:086][ 45]LogSlate: Updating window title bar state: overlay mode, drag disabled, window buttons hidden, title bar hidden
[2019.03.08-22.28.55:132][ 49]LogPlayLevel: Display: Destroying online subsystem :Context_2
[2019.03.08-22.28.57:029][268]LogSlate: FSceneViewport::OnFocusLost() reason 0
[2019.03.08-22.28.57:127][277]Cmd: OBJ SAVEPACKAGE PACKAGE="/Game/Level1" FILE="../../../../../GitHub Folder/GitProject/Content/Level1.umap" SILENT=true AUTOSAVING=false KEEPDIRTY=false
[2019.03.08-22.28.57:422][277]LogSavePackage: Moving '../../../../../GitHub Folder/GitProject/Saved/Level16463645848ABC07CC2A1EBAD9963DF3F.tmp' to '../../../../../GitHub Folder/GitProject/Content/Level1.umap'
[2019.03.08-22.29.01:127][664]LogSlate: FSceneViewport::OnFocusLost() reason 0
[2019.03.08-22.29.02:152][776]LogAssetEditorManager: Opening Asset editor for WidgetBlueprint /Game/Level1Stuff/PlayerUI.PlayerUI
[2019.03.08-22.29.02:970][776]LogContentBrowser: Native class hierarchy updated for 'BlueprintGraph' in 0.0007 seconds. Added 116 classes and 0 folders.
[2019.03.08-22.29.03:816][776]LogSlate: Took 0.000300 seconds to synchronously load lazily loaded font '../../../Engine/Content/Slate/Fonts/Roboto-BoldCondensed.ttf' (158K)
[2019.03.08-22.29.05:146][836]LogSlate: Took 0.000432 seconds to synchronously load lazily loaded font '../../../Engine/Content/Slate/Fonts/Roboto-Italic.ttf' (157K)
[2019.03.08-22.32.45:554][457]BlueprintLog: New page: Compile PlayerUI
[2019.03.08-22.32.46:367][539]LogTemp: Repeating last play command: Selected Viewport
[2019.03.08-22.32.46:388][539]LogBlueprintUserMessages: Early PlayInEditor Detection: Level '/Game/Level1.Level1:PersistentLevel' has LevelScriptBlueprint '/Game/Level1.Level1:PersistentLevel.Level1' with GeneratedClass '/Game/Level1.Level1_C' with ClassGeneratedBy '/Game/Level1.Level1:PersistentLevel.Level1'
[2019.03.08-22.32.46:388][539]LogPlayLevel: PlayLevel: No blueprints needed recompiling
[2019.03.08-22.32.46:389][539]PIE: New page: PIE session: Level1 (8 Mar 2019 22:32:46)
[2019.03.08-22.32.46:389][539]LogPlayLevel: Creating play world package: /Game/UEDPIE_0_Level1
[2019.03.08-22.32.46:402][539]LogPlayLevel: PIE: StaticDuplicateObject took: (0.013766s)
[2019.03.08-22.32.46:403][539]LogAIModule: Creating AISystem for world Level1
[2019.03.08-22.32.46:403][539]LogPlayLevel: PIE: World Init took: (0.000789s)
[2019.03.08-22.32.46:403][539]LogPlayLevel: PIE: Created PIE world by copying editor world from /Game/Level1.Level1 to /Game/UEDPIE_0_Level1.Level1 (0.014711s)
[2019.03.08-22.32.46:473][539]LogInit: XAudio2 using 'Speakers (AFX Microphone)' : 2 channels at 48 kHz using 16 bits per sample (channel mask 0x3)
[2019.03.08-22.32.46:498][539]LogInit: FAudioDevice initialized.
[2019.03.08-22.32.46:534][539]LogLoad: Game class is 'GameModeBase'
[2019.03.08-22.32.46:537][539]LogWorld: Bringing World /Game/UEDPIE_0_Level1.Level1 up for play (max tick rate 0) at 2019.03.08-22.32.46
[2019.03.08-22.32.46:538][539]LogWorld: Bringing up level for play took: 0.003507
[2019.03.08-22.32.46:552][539]PIE: Play in editor start time for /Game/UEDPIE_0_Level1 0.173
[2019.03.08-22.32.46:553][539]LogBlueprintUserMessages: Late PlayInEditor Detection: Level '/Game/Level1.Level1:PersistentLevel' has LevelScriptBlueprint '/Game/Level1.Level1:PersistentLevel.Level1' with GeneratedClass '/Game/Level1.Level1_C' with ClassGeneratedBy '/Game/Level1.Level1:PersistentLevel.Level1'
[2019.03.08-22.32.48:256][735]LogBlueprintUserMessages: Early EndPlayMap Detection: Level '/Game/Level1.Level1:PersistentLevel' has LevelScriptBlueprint '/Game/Level1.Level1:PersistentLevel.Level1' with GeneratedClass '/Game/Level1.Level1_C' with ClassGeneratedBy '/Game/Level1.Level1:PersistentLevel.Level1'
[2019.03.08-22.32.48:256][735]LogSlate: Updating window title bar state: overlay mode, drag disabled, window buttons hidden, title bar hidden
[2019.03.08-22.32.48:294][735]LogPlayLevel: Display: Shutting down PIE online subsystems
[2019.03.08-22.32.48:295][735]LogBlueprintUserMessages: Late EndPlayMap Detection: Level '/Game/Level1.Level1:PersistentLevel' has LevelScriptBlueprint '/Game/Level1.Level1:PersistentLevel.Level1' with GeneratedClass '/Game/Level1.Level1_C' with ClassGeneratedBy '/Game/Level1.Level1:PersistentLevel.Level1'
[2019.03.08-22.32.48:329][735]LogSlate: Updating window title bar state: overlay mode, drag disabled, window buttons hidden, title bar hidden
[2019.03.08-22.32.48:362][737]LogPlayLevel: Display: Destroying online subsystem :Context_10
[2019.03.08-22.32.50:506][985]Cmd: OBJ SAVEPACKAGE PACKAGE="/Game/Level1Stuff/PlayerUI" FILE="../../../../../GitHub Folder/GitProject/Content/Level1Stuff/PlayerUI.uasset" SILENT=true
[2019.03.08-22.32.50:555][985]LogSavePackage: Moving '../../../../../GitHub Folder/GitProject/Saved/PlayerUI76C253A1481284413BB8598ACEA11C12.tmp' to '../../../../../GitHub Folder/GitProject/Content/Level1Stuff/PlayerUI.uasset'
[2019.03.08-22.32.52:412][205]LogTemp: Repeating last play command: Selected Viewport
[2019.03.08-22.32.52:428][205]LogBlueprintUserMessages: Early PlayInEditor Detection: Level '/Game/Level1.Level1:PersistentLevel' has LevelScriptBlueprint '/Game/Level1.Level1:PersistentLevel.Level1' with GeneratedClass '/Game/Level1.Level1_C' with ClassGeneratedBy '/Game/Level1.Level1:PersistentLevel.Level1'
[2019.03.08-22.32.52:428][205]LogPlayLevel: PlayLevel: No blueprints needed recompiling
[2019.03.08-22.32.52:428][205]PIE: New page: PIE session: Level1 (8 Mar 2019 22:32:52)
[2019.03.08-22.32.52:428][205]LogPlayLevel: Creating play world package: /Game/UEDPIE_0_Level1
[2019.03.08-22.32.52:442][205]LogPlayLevel: PIE: StaticDuplicateObject took: (0.013571s)
[2019.03.08-22.32.52:443][205]LogAIModule: Creating AISystem for world Level1
[2019.03.08-22.32.52:443][205]LogPlayLevel: PIE: World Init took: (0.000657s)
[2019.03.08-22.32.52:443][205]LogPlayLevel: PIE: Created PIE world by copying editor world from /Game/Level1.Level1 to /Game/UEDPIE_0_Level1.Level1 (0.014365s)
[2019.03.08-22.32.52:512][205]LogInit: XAudio2 using 'Speakers (AFX Microphone)' : 2 channels at 48 kHz using 16 bits per sample (channel mask 0x3)
[2019.03.08-22.32.52:537][205]LogInit: FAudioDevice initialized.
[2019.03.08-22.32.52:568][205]LogLoad: Game class is 'GameModeBase'
[2019.03.08-22.32.52:572][205]LogWorld: Bringing World /Game/UEDPIE_0_Level1.Level1 up for play (max tick rate 0) at 2019.03.08-22.32.52
[2019.03.08-22.32.52:572][205]LogWorld: Bringing up level for play took: 0.003643
[2019.03.08-22.32.52:585][205]PIE: Play in editor start time for /Game/UEDPIE_0_Level1 0.207
[2019.03.08-22.32.52:586][205]LogBlueprintUserMessages: Late PlayInEditor Detection: Level '/Game/Level1.Level1:PersistentLevel' has LevelScriptBlueprint '/Game/Level1.Level1:PersistentLevel.Level1' with GeneratedClass '/Game/Level1.Level1_C' with ClassGeneratedBy '/Game/Level1.Level1:PersistentLevel.Level1'
[2019.03.08-22.32.56:240][642]LogBlueprintUserMessages: Early EndPlayMap Detection: Level '/Game/Level1.Level1:PersistentLevel' has LevelScriptBlueprint '/Game/Level1.Level1:PersistentLevel.Level1' with GeneratedClass '/Game/Level1.Level1_C' with ClassGeneratedBy '/Game/Level1.Level1:PersistentLevel.Level1'
[2019.03.08-22.32.56:240][642]LogSlate: Updating window title bar state: overlay mode, drag disabled, window buttons hidden, title bar hidden
[2019.03.08-22.32.56:276][642]LogPlayLevel: Display: Shutting down PIE online subsystems
[2019.03.08-22.32.56:277][642]LogBlueprintUserMessages: Late EndPlayMap Detection: Level '/Game/Level1.Level1:PersistentLevel' has LevelScriptBlueprint '/Game/Level1.Level1:PersistentLevel.Level1' with GeneratedClass '/Game/Level1.Level1_C' with ClassGeneratedBy '/Game/Level1.Level1:PersistentLevel.Level1'
[2019.03.08-22.32.56:309][642]LogSlate: Updating window title bar state: overlay mode, drag disabled, window buttons hidden, title bar hidden
[2019.03.08-22.32.56:345][645]LogPlayLevel: Display: Destroying online subsystem :Context_11
[2019.03.08-22.33.02:065][319]LogEditorViewport: Clicking on Actor (context menu): StaticMeshActor (Cube)
[2019.03.08-22.33.02:122][319]LogSlate: FSceneViewport::OnFocusLost() reason 2
[2019.03.08-22.33.02:927][399]LogEditorViewport: Clicking on Actor (LMB): Landscape (Landscape)
[2019.03.08-22.33.04:670][596]LogSlate: FSceneViewport::OnFocusLost() reason 0
[2019.03.08-22.33.04:820][612]LogActorFactory: Actor Factory created Sphere
[2019.03.08-22.33.05:410][681]LogActorFactory: Actor Factory created Sphere
[2019.03.08-22.33.12:235][455]LogSlate: FSceneViewport::OnFocusLost() reason 0
[2019.03.08-22.33.26:054][ 92]LogSlate: Window 'Select Path' being destroyed
[2019.03.08-22.33.26:141][ 92]LogSlate: FSceneViewport::OnFocusLost() reason 2
[2019.03.08-22.33.26:143][ 92]LogAssetEditorManager: Opening Asset editor for Blueprint /Game/Level1Stuff/Gem.Gem
[2019.03.08-22.34.41:714][524]LogSlate: Took 0.000364 seconds to synchronously load lazily loaded font '../../../Engine/Content/Slate/Fonts/Roboto-BoldCondensedItalic.ttf' (160K)
[2019.03.08-22.34.50:814][410]BlueprintLog: New page: Compile Gem
[2019.03.08-22.34.51:394][438]Cmd: OBJ SAVEPACKAGE PACKAGE="/Game/Level1Stuff/Gem" FILE="../../../../../GitHub Folder/GitProject/Content/Level1Stuff/Gem.uasset" SILENT=true
[2019.03.08-22.34.51:419][438]LogSavePackage: Moving '../../../../../GitHub Folder/GitProject/Saved/GemDABAA6644D130110874ADEAA0EAD9D8C.tmp' to '../../../../../GitHub Folder/GitProject/Content/Level1Stuff/Gem.uasset'
[2019.03.08-22.34.53:392][630]LogSlate: FSceneViewport::OnFocusLost() reason 0
[2019.03.08-22.34.56:452][926]BlueprintLog: New page: Compile Gem
[2019.03.08-22.34.57:237][974]Cmd: OBJ SAVEPACKAGE PACKAGE="/Game/Level1Stuff/Gem" FILE="../../../../../GitHub Folder/GitProject/Content/Level1Stuff/Gem.uasset" SILENT=true
[2019.03.08-22.34.57:278][974]LogSavePackage: Moving '../../../../../GitHub Folder/GitProject/Saved/GemAAA329194CE872AB339DC09E12065ECA.tmp' to '../../../../../GitHub Folder/GitProject/Content/Level1Stuff/Gem.uasset'
[2019.03.08-22.34.58:003][ 43]LogSlate: FSceneViewport::OnFocusLost() reason 0
[2019.03.08-22.35.10:501][222]BlueprintLog: New page: Compile Gem
[2019.03.08-22.35.11:072][251]Cmd: OBJ SAVEPACKAGE PACKAGE="/Game/Level1Stuff/Gem" FILE="../../../../../GitHub Folder/GitProject/Content/Level1Stuff/Gem.uasset" SILENT=true
[2019.03.08-22.35.11:100][251]LogSavePackage: Moving '../../../../../GitHub Folder/GitProject/Saved/GemFBC073B54277B38FEAF0AC976AA0AC56.tmp' to '../../../../../GitHub Folder/GitProject/Content/Level1Stuff/Gem.uasset'
[2019.03.08-22.35.11:470][287]LogSlate: FSceneViewport::OnFocusLost() reason 0
[2019.03.08-22.35.19:706][ 93]BlueprintLog: New page: Compile Gem
[2019.03.08-22.35.20:277][123]Cmd: OBJ SAVEPACKAGE PACKAGE="/Game/Level1Stuff/Gem" FILE="../../../../../GitHub Folder/GitProject/Content/Level1Stuff/Gem.uasset" SILENT=true
[2019.03.08-22.35.20:306][123]LogSavePackage: Moving '../../../../../GitHub Folder/GitProject/Saved/Gem4D076F1A4D4202A5A1129F9A6607E6EF.tmp' to '../../../../../GitHub Folder/GitProject/Content/Level1Stuff/Gem.uasset'
[2019.03.08-22.35.21:515][248]LogSlate: FSceneViewport::OnFocusLost() reason 0
[2019.03.08-22.35.22:302][339]LogSlate: FSceneViewport::OnFocusLost() reason 0
[2019.03.08-22.35.22:384][349]LogTemp: Repeating last play command: Selected Viewport
[2019.03.08-22.35.22:402][349]LogBlueprintUserMessages: Early PlayInEditor Detection: Level '/Game/Level1.Level1:PersistentLevel' has LevelScriptBlueprint '/Game/Level1.Level1:PersistentLevel.Level1' with GeneratedClass '/Game/Level1.Level1_C' with ClassGeneratedBy '/Game/Level1.Level1:PersistentLevel.Level1'
[2019.03.08-22.35.22:403][349]LogPlayLevel: PlayLevel: No blueprints needed recompiling
[2019.03.08-22.35.22:403][349]PIE: New page: PIE session: Level1 (8 Mar 2019 22:35:22)
[2019.03.08-22.35.22:403][349]LogPlayLevel: Creating play world package: /Game/UEDPIE_0_Level1
[2019.03.08-22.35.22:417][349]LogPlayLevel: PIE: StaticDuplicateObject took: (0.013674s)
[2019.03.08-22.35.22:417][349]LogAIModule: Creating AISystem for world Level1
[2019.03.08-22.35.22:417][349]LogPlayLevel: PIE: World Init took: (0.000632s)
[2019.03.08-22.35.22:417][349]LogPlayLevel: PIE: Created PIE world by copying editor world from /Game/Level1.Level1 to /Game/UEDPIE_0_Level1.Level1 (0.014460s)
[2019.03.08-22.35.22:490][349]LogInit: XAudio2 using 'Speakers (AFX Microphone)' : 2 channels at 48 kHz using 16 bits per sample (channel mask 0x3)
[2019.03.08-22.35.22:514][349]LogInit: FAudioDevice initialized.
[2019.03.08-22.35.22:550][349]LogLoad: Game class is 'GameModeBase'
[2019.03.08-22.35.22:554][349]LogWorld: Bringing World /Game/UEDPIE_0_Level1.Level1 up for play (max tick rate 0) at 2019.03.08-22.35.22
[2019.03.08-22.35.22:554][349]LogWorld: Bringing up level for play took: 0.003265
[2019.03.08-22.35.22:568][349]PIE: Play in editor start time for /Game/UEDPIE_0_Level1 0.189
[2019.03.08-22.35.22:568][349]LogBlueprintUserMessages: Late PlayInEditor Detection: Level '/Game/Level1.Level1:PersistentLevel' has LevelScriptBlueprint '/Game/Level1.Level1:PersistentLevel.Level1' with GeneratedClass '/Game/Level1.Level1_C' with ClassGeneratedBy '/Game/Level1.Level1:PersistentLevel.Level1'
[2019.03.08-22.35.27:155][898]LogBlueprintUserMessages: Early EndPlayMap Detection: Level '/Game/Level1.Level1:PersistentLevel' has LevelScriptBlueprint '/Game/Level1.Level1:PersistentLevel.Level1' with GeneratedClass '/Game/Level1.Level1_C' with ClassGeneratedBy '/Game/Level1.Level1:PersistentLevel.Level1'
[2019.03.08-22.35.27:155][898]LogSlate: Updating window title bar state: overlay mode, drag disabled, window buttons hidden, title bar hidden
[2019.03.08-22.35.27:189][898]LogPlayLevel: Display: Shutting down PIE online subsystems
[2019.03.08-22.35.27:190][898]LogBlueprintUserMessages: Late EndPlayMap Detection: Level '/Game/Level1.Level1:PersistentLevel' has LevelScriptBlueprint '/Game/Level1.Level1:PersistentLevel.Level1' with GeneratedClass '/Game/Level1.Level1_C' with ClassGeneratedBy '/Game/Level1.Level1:PersistentLevel.Level1'
[2019.03.08-22.35.27:225][898]LogSlate: Updating window title bar state: overlay mode, drag disabled, window buttons hidden, title bar hidden
[2019.03.08-22.35.27:253][900]LogPlayLevel: Display: Destroying online subsystem :Context_15
[2019.03.08-22.35.27:766][961]LogEditorViewport: Clicking on Actor (LMB): Gem_C (Gem)
[2019.03.08-22.35.32:640][532]LogSlate: FSceneViewport::OnFocusLost() reason 2
[2019.03.08-22.35.35:222][833]LogSlate: FSceneViewport::OnFocusLost() reason 0
[2019.03.08-22.35.36:543][987]Cmd: OBJ SAVEPACKAGE PACKAGE="/Game/Level1" FILE="../../../../../GitHub Folder/GitProject/Content/Level1.umap" SILENT=true AUTOSAVING=false KEEPDIRTY=false
[2019.03.08-22.35.36:897][987]LogSavePackage: Moving '../../../../../GitHub Folder/GitProject/Saved/Level1D2842EFB42FA5231E4B7628B5367793F.tmp' to '../../../../../GitHub Folder/GitProject/Content/Level1.umap'
[2019.03.08-22.35.37:274][ 28]LogSlate: FSceneViewport::OnFocusLost() reason 0
[2019.03.08-22.35.37:333][ 35]LogTemp: Repeating last play command: Selected Viewport
[2019.03.08-22.35.37:348][ 35]LogBlueprintUserMessages: Early PlayInEditor Detection: Level '/Game/Level1.Level1:PersistentLevel' has LevelScriptBlueprint '/Game/Level1.Level1:PersistentLevel.Level1' with GeneratedClass '/Game/Level1.Level1_C' with ClassGeneratedBy '/Game/Level1.Level1:PersistentLevel.Level1'
[2019.03.08-22.35.37:348][ 35]LogPlayLevel: PlayLevel: No blueprints needed recompiling
[2019.03.08-22.35.37:349][ 35]PIE: New page: PIE session: Level1 (8 Mar 2019 22:35:37)
[2019.03.08-22.35.37:349][ 35]LogPlayLevel: Creating play world package: /Game/UEDPIE_0_Level1
[2019.03.08-22.35.37:362][ 35]LogPlayLevel: PIE: StaticDuplicateObject took: (0.012997s)
[2019.03.08-22.35.37:362][ 35]LogAIModule: Creating AISystem for world Level1
[2019.03.08-22.35.37:362][ 35]LogPlayLevel: PIE: World Init took: (0.000607s)
[2019.03.08-22.35.37:362][ 35]LogPlayLevel: PIE: Created PIE world by copying editor world from /Game/Level1.Level1 to /Game/UEDPIE_0_Level1.Level1 (0.013725s)
[2019.03.08-22.35.37:436][ 35]LogInit: XAudio2 using 'Speakers (AFX Microphone)' : 2 channels at 48 kHz using 16 bits per sample (channel mask 0x3)
[2019.03.08-22.35.37:459][ 35]LogInit: FAudioDevice initialized.
[2019.03.08-22.35.37:489][ 35]LogLoad: Game class is 'GameModeBase'
[2019.03.08-22.35.37:492][ 35]LogWorld: Bringing World /Game/UEDPIE_0_Level1.Level1 up for play (max tick rate 0) at 2019.03.08-22.35.37
[2019.03.08-22.35.37:493][ 35]LogWorld: Bringing up level for play took: 0.003235
[2019.03.08-22.35.37:507][ 35]PIE: Play in editor start time for /Game/UEDPIE_0_Level1 1.128
[2019.03.08-22.35.37:507][ 35]LogBlueprintUserMessages: Late PlayInEditor Detection: Level '/Game/Level1.Level1:PersistentLevel' has LevelScriptBlueprint '/Game/Level1.Level1:PersistentLevel.Level1' with GeneratedClass '/Game/Level1.Level1_C' with ClassGeneratedBy '/Game/Level1.Level1:PersistentLevel.Level1'
[2019.03.08-22.35.40:099][345]LogBlueprintUserMessages: Early EndPlayMap Detection: Level '/Game/Level1.Level1:PersistentLevel' has LevelScriptBlueprint '/Game/Level1.Level1:PersistentLevel.Level1' with GeneratedClass '/Game/Level1.Level1_C' with ClassGeneratedBy '/Game/Level1.Level1:PersistentLevel.Level1'
[2019.03.08-22.35.40:099][345]LogSlate: Updating window title bar state: overlay mode, drag disabled, window buttons hidden, title bar hidden
[2019.03.08-22.35.40:137][345]LogPlayLevel: Display: Shutting down PIE online subsystems
[2019.03.08-22.35.40:138][345]LogBlueprintUserMessages: Late EndPlayMap Detection: Level '/Game/Level1.Level1:PersistentLevel' has LevelScriptBlueprint '/Game/Level1.Level1:PersistentLevel.Level1' with GeneratedClass '/Game/Level1.Level1_C' with ClassGeneratedBy '/Game/Level1.Level1:PersistentLevel.Level1'
[2019.03.08-22.35.40:172][345]LogSlate: Updating window title bar state: overlay mode, drag disabled, window buttons hidden, title bar hidden
[2019.03.08-22.35.40:204][347]LogPlayLevel: Display: Destroying online subsystem :Context_16
[2019.03.08-22.35.47:281][196]LogSlate: FSceneViewport::OnFocusLost() reason 0
[2019.03.08-22.35.47:357][205]LogTemp: Repeating last play command: Selected Viewport
[2019.03.08-22.35.47:376][205]LogBlueprintUserMessages: Early PlayInEditor Detection: Level '/Game/Level1.Level1:PersistentLevel' has LevelScriptBlueprint '/Game/Level1.Level1:PersistentLevel.Level1' with GeneratedClass '/Game/Level1.Level1_C' with ClassGeneratedBy '/Game/Level1.Level1:PersistentLevel.Level1'
[2019.03.08-22.35.47:376][205]LogPlayLevel: PlayLevel: No blueprints needed recompiling
[2019.03.08-22.35.47:376][205]PIE: New page: PIE session: Level1 (8 Mar 2019 22:35:47)
[2019.03.08-22.35.47:377][205]LogPlayLevel: Creating play world package: /Game/UEDPIE_0_Level1
[2019.03.08-22.35.47:390][205]LogPlayLevel: PIE: StaticDuplicateObject took: (0.013522s)
[2019.03.08-22.35.47:391][205]LogAIModule: Creating AISystem for world Level1
[2019.03.08-22.35.47:391][205]LogPlayLevel: PIE: World Init took: (0.000687s)
[2019.03.08-22.35.47:391][205]LogPlayLevel: PIE: Created PIE world by copying editor world from /Game/Level1.Level1 to /Game/UEDPIE_0_Level1.Level1 (0.014351s)
[2019.03.08-22.35.47:462][205]LogInit: XAudio2 using 'Speakers (AFX Microphone)' : 2 channels at 48 kHz using 16 bits per sample (channel mask 0x3)
[2019.03.08-22.35.47:485][205]LogInit: FAudioDevice initialized.
[2019.03.08-22.35.47:519][205]LogLoad: Game class is 'GameModeBase'
[2019.03.08-22.35.47:523][205]LogWorld: Bringing World /Game/UEDPIE_0_Level1.Level1 up for play (max tick rate 0) at 2019.03.08-22.35.47
[2019.03.08-22.35.47:523][205]LogWorld: Bringing up level for play took: 0.003165
[2019.03.08-22.35.47:537][205]PIE: Play in editor start time for /Game/UEDPIE_0_Level1 1.159
[2019.03.08-22.35.47:537][205]LogBlueprintUserMessages: Late PlayInEditor Detection: Level '/Game/Level1.Level1:PersistentLevel' has LevelScriptBlueprint '/Game/Level1.Level1:PersistentLevel.Level1' with GeneratedClass '/Game/Level1.Level1_C' with ClassGeneratedBy '/Game/Level1.Level1:PersistentLevel.Level1'
[2019.03.08-22.36.00:150][717]LogBlueprintUserMessages: Early EndPlayMap Detection: Level '/Game/Level1.Level1:PersistentLevel' has LevelScriptBlueprint '/Game/Level1.Level1:PersistentLevel.Level1' with GeneratedClass '/Game/Level1.Level1_C' with ClassGeneratedBy '/Game/Level1.Level1:PersistentLevel.Level1'
[2019.03.08-22.36.00:151][717]LogSlate: Updating window title bar state: overlay mode, drag disabled, window buttons hidden, title bar hidden
[2019.03.08-22.36.00:190][717]LogPlayLevel: Display: Shutting down PIE online subsystems
[2019.03.08-22.36.00:190][717]LogBlueprintUserMessages: Late EndPlayMap Detection: Level '/Game/Level1.Level1:PersistentLevel' has LevelScriptBlueprint '/Game/Level1.Level1:PersistentLevel.Level1' with GeneratedClass '/Game/Level1.Level1_C' with ClassGeneratedBy '/Game/Level1.Level1:PersistentLevel.Level1'
[2019.03.08-22.36.00:226][717]LogSlate: Updating window title bar state: overlay mode, drag disabled, window buttons hidden, title bar hidden
[2019.03.08-22.36.00:257][719]LogPlayLevel: Display: Destroying online subsystem :Context_17
[2019.03.08-22.36.03:412][ 77]LogSlate: FSceneViewport::OnFocusLost() reason 0
[2019.03.08-22.36.06:867][481]Cmd: TRANSACTION UNDO
[2019.03.08-22.36.06:867][481]LogEditorTransaction: Undo Create Actors
[2019.03.08-22.36.12:043][ 97]LogSlate: FSceneViewport::OnFocusLost() reason 0
[2019.03.08-22.36.12:111][103]Cmd: OBJ SAVEPACKAGE PACKAGE="/Game/Level1" FILE="../../../../../GitHub Folder/GitProject/Content/Level1.umap" SILENT=true AUTOSAVING=false KEEPDIRTY=false
[2019.03.08-22.36.12:463][103]LogSavePackage: Moving '../../../../../GitHub Folder/GitProject/Saved/Level174BE12DE43B80BB2AB0C10B36B7F5EBD.tmp' to '../../../../../GitHub Folder/GitProject/Content/Level1.umap'
[2019.03.08-22.36.13:369][208]LogEditorViewport: Clicking on Actor (LMB): Gem_C (Gem)
[2019.03.08-22.36.22:390][216]Cmd: EDIT COPY
[2019.03.08-22.36.22:785][262]Cmd: EDIT PASTE
[2019.03.08-22.36.23:808][376]Cmd: EDIT PASTE
[2019.03.08-22.36.27:281][782]LogSlate: FSceneViewport::OnFocusLost() reason 0
[2019.03.08-22.36.27:356][791]LogTemp: Repeating last play command: Selected Viewport
[2019.03.08-22.36.27:373][791]LogBlueprintUserMessages: Early PlayInEditor Detection: Level '/Game/Level1.Level1:PersistentLevel' has LevelScriptBlueprint '/Game/Level1.Level1:PersistentLevel.Level1' with GeneratedClass '/Game/Level1.Level1_C' with ClassGeneratedBy '/Game/Level1.Level1:PersistentLevel.Level1'
[2019.03.08-22.36.27:373][791]LogPlayLevel: PlayLevel: No blueprints needed recompiling
[2019.03.08-22.36.27:373][791]PIE: New page: PIE session: Level1 (8 Mar 2019 22:36:27)
[2019.03.08-22.36.27:373][791]LogPlayLevel: Creating play world package: /Game/UEDPIE_0_Level1
[2019.03.08-22.36.27:387][791]LogPlayLevel: PIE: StaticDuplicateObject took: (0.013240s)
[2019.03.08-22.36.27:387][791]LogAIModule: Creating AISystem for world Level1
[2019.03.08-22.36.27:388][791]LogPlayLevel: PIE: World Init took: (0.000764s)
[2019.03.08-22.36.27:388][791]LogPlayLevel: PIE: Created PIE world by copying editor world from /Game/Level1.Level1 to /Game/UEDPIE_0_Level1.Level1 (0.014145s)
[2019.03.08-22.36.27:460][791]LogInit: XAudio2 using 'Speakers (AFX Microphone)' : 2 channels at 48 kHz using 16 bits per sample (channel mask 0x3)
[2019.03.08-22.36.27:483][791]LogInit: FAudioDevice initialized.
[2019.03.08-22.36.27:515][791]LogLoad: Game class is 'GameModeBase'
[2019.03.08-22.36.27:519][791]LogWorld: Bringing World /Game/UEDPIE_0_Level1.Level1 up for play (max tick rate 0) at 2019.03.08-22.36.27
[2019.03.08-22.36.27:520][791]LogWorld: Bringing up level for play took: 0.003258
[2019.03.08-22.36.27:533][791]PIE: Play in editor start time for /Game/UEDPIE_0_Level1 1.154
[2019.03.08-22.36.27:533][791]LogBlueprintUserMessages: Late PlayInEditor Detection: Level '/Game/Level1.Level1:PersistentLevel' has LevelScriptBlueprint '/Game/Level1.Level1:PersistentLevel.Level1' with GeneratedClass '/Game/Level1.Level1_C' with ClassGeneratedBy '/Game/Level1.Level1:PersistentLevel.Level1'
[2019.03.08-22.36.43:336][682]LogBlueprintUserMessages: Early EndPlayMap Detection: Level '/Game/Level1.Level1:PersistentLevel' has LevelScriptBlueprint '/Game/Level1.Level1:PersistentLevel.Level1' with GeneratedClass '/Game/Level1.Level1_C' with ClassGeneratedBy '/Game/Level1.Level1:PersistentLevel.Level1'
[2019.03.08-22.36.43:336][682]LogSlate: Updating window title bar state: overlay mode, drag disabled, window buttons hidden, title bar hidden
[2019.03.08-22.36.43:373][682]LogPlayLevel: Display: Shutting down PIE online subsystems
[2019.03.08-22.36.43:374][682]LogBlueprintUserMessages: Late EndPlayMap Detection: Level '/Game/Level1.Level1:PersistentLevel' has LevelScriptBlueprint '/Game/Level1.Level1:PersistentLevel.Level1' with GeneratedClass '/Game/Level1.Level1_C' with ClassGeneratedBy '/Game/Level1.Level1:PersistentLevel.Level1'
[2019.03.08-22.36.43:408][682]LogSlate: Updating window title bar state: overlay mode, drag disabled, window buttons hidden, title bar hidden
[2019.03.08-22.36.43:438][684]LogPlayLevel: Display: Destroying online subsystem :Context_18
[2019.03.08-22.36.44:197][775]LogSlate: FSceneViewport::OnFocusLost() reason 0
[2019.03.08-22.36.44:588][822]LogTemp: Repeating last play command: Selected Viewport
[2019.03.08-22.36.44:606][822]LogBlueprintUserMessages: Early PlayInEditor Detection: Level '/Game/Level1.Level1:PersistentLevel' has LevelScriptBlueprint '/Game/Level1.Level1:PersistentLevel.Level1' with GeneratedClass '/Game/Level1.Level1_C' with ClassGeneratedBy '/Game/Level1.Level1:PersistentLevel.Level1'
[2019.03.08-22.36.44:606][822]LogPlayLevel: PlayLevel: No blueprints needed recompiling
[2019.03.08-22.36.44:606][822]PIE: New page: PIE session: Level1 (8 Mar 2019 22:36:44)
[2019.03.08-22.36.44:607][822]LogPlayLevel: Creating play world package: /Game/UEDPIE_0_Level1
[2019.03.08-22.36.44:621][822]LogPlayLevel: PIE: StaticDuplicateObject took: (0.014348s)
[2019.03.08-22.36.44:622][822]LogAIModule: Creating AISystem for world Level1
[2019.03.08-22.36.44:622][822]LogPlayLevel: PIE: World Init took: (0.000777s)
[2019.03.08-22.36.44:622][822]LogPlayLevel: PIE: Created PIE world by copying editor world from /Game/Level1.Level1 to /Game/UEDPIE_0_Level1.Level1 (0.015356s)
[2019.03.08-22.36.44:696][822]LogInit: XAudio2 using 'Speakers (AFX Microphone)' : 2 channels at 48 kHz using 16 bits per sample (channel mask 0x3)
[2019.03.08-22.36.44:720][822]LogInit: FAudioDevice initialized.
[2019.03.08-22.36.44:755][822]LogLoad: Game class is 'GameModeBase'
[2019.03.08-22.36.44:758][822]LogWorld: Bringing World /Game/UEDPIE_0_Level1.Level1 up for play (max tick rate 0) at 2019.03.08-22.36.44
[2019.03.08-22.36.44:758][822]LogWorld: Bringing up level for play took: 0.003003
[2019.03.08-22.36.44:772][822]PIE: Play in editor start time for /Game/UEDPIE_0_Level1 0.394
[2019.03.08-22.36.44:772][822]LogBlueprintUserMessages: Late PlayInEditor Detection: Level '/Game/Level1.Level1:PersistentLevel' has LevelScriptBlueprint '/Game/Level1.Level1:PersistentLevel.Level1' with GeneratedClass '/Game/Level1.Level1_C' with ClassGeneratedBy '/Game/Level1.Level1:PersistentLevel.Level1'
[2019.03.08-22.37.04:579][197]LogBlueprintUserMessages: Early EndPlayMap Detection: Level '/Game/Level1.Level1:PersistentLevel' has LevelScriptBlueprint '/Game/Level1.Level1:PersistentLevel.Level1' with GeneratedClass '/Game/Level1.Level1_C' with ClassGeneratedBy '/Game/Level1.Level1:PersistentLevel.Level1'
[2019.03.08-22.37.04:579][197]LogSlate: Updating window title bar state: overlay mode, drag disabled, window buttons hidden, title bar hidden
[2019.03.08-22.37.04:612][197]LogPlayLevel: Display: Shutting down PIE online subsystems
[2019.03.08-22.37.04:613][197]LogBlueprintUserMessages: Late EndPlayMap Detection: Level '/Game/Level1.Level1:PersistentLevel' has LevelScriptBlueprint '/Game/Level1.Level1:PersistentLevel.Level1' with GeneratedClass '/Game/Level1.Level1_C' with ClassGeneratedBy '/Game/Level1.Level1:PersistentLevel.Level1'
[2019.03.08-22.37.04:648][197]LogSlate: Updating window title bar state: overlay mode, drag disabled, window buttons hidden, title bar hidden
[2019.03.08-22.37.04:677][199]LogPlayLevel: Display: Destroying online subsystem :Context_19
[2019.03.08-22.37.05:414][285]LogEditorViewport: Clicking on Actor (context menu): Landscape (Landscape)
[2019.03.08-22.37.05:459][285]LogSlate: FSceneViewport::OnFocusLost() reason 2
[2019.03.08-22.37.08:224][596]LogSlate: FSceneViewport::OnFocusLost() reason 0
[2019.03.08-22.37.08:312][604]Cmd: OBJ SAVEPACKAGE PACKAGE="/Game/Level1" FILE="../../../../../GitHub Folder/GitProject/Content/Level1.umap" SILENT=true AUTOSAVING=false KEEPDIRTY=false
[2019.03.08-22.37.08:659][604]LogSavePackage: Moving '../../../../../GitHub Folder/GitProject/Saved/Level1B50DDBDC4B0EA3CACABE12907DB311A2.tmp' to '../../../../../GitHub Folder/GitProject/Content/Level1.umap'
[2019.03.08-22.37.09:590][699]LogSlate: FSceneViewport::OnFocusLost() reason 0
[2019.03.08-22.37.09:666][708]LogTemp: Repeating last play command: Selected Viewport
[2019.03.08-22.37.09:684][708]LogBlueprintUserMessages: Early PlayInEditor Detection: Level '/Game/Level1.Level1:PersistentLevel' has LevelScriptBlueprint '/Game/Level1.Level1:PersistentLevel.Level1' with GeneratedClass '/Game/Level1.Level1_C' with ClassGeneratedBy '/Game/Level1.Level1:PersistentLevel.Level1'
[2019.03.08-22.37.09:684][708]LogPlayLevel: PlayLevel: No blueprints needed recompiling
[2019.03.08-22.37.09:684][708]PIE: New page: PIE session: Level1 (8 Mar 2019 22:37:09)
[2019.03.08-22.37.09:684][708]LogPlayLevel: Creating play world package: /Game/UEDPIE_0_Level1
[2019.03.08-22.37.09:699][708]LogPlayLevel: PIE: StaticDuplicateObject took: (0.014267s)
[2019.03.08-22.37.09:699][708]LogAIModule: Creating AISystem for world Level1
[2019.03.08-22.37.09:699][708]LogPlayLevel: PIE: World Init took: (0.000640s)
[2019.03.08-22.37.09:699][708]LogPlayLevel: PIE: Created PIE world by copying editor world from /Game/Level1.Level1 to /Game/UEDPIE_0_Level1.Level1 (0.015057s)
[2019.03.08-22.37.09:772][708]LogInit: XAudio2 using 'Speakers (AFX Microphone)' : 2 channels at 48 kHz using 16 bits per sample (channel mask 0x3)
[2019.03.08-22.37.09:795][708]LogInit: FAudioDevice initialized.
[2019.03.08-22.37.09:830][708]LogLoad: Game class is 'GameModeBase'
[2019.03.08-22.37.09:834][708]LogWorld: Bringing World /Game/UEDPIE_0_Level1.Level1 up for play (max tick rate 0) at 2019.03.08-22.37.09
[2019.03.08-22.37.09:835][708]LogWorld: Bringing up level for play took: 0.003437
[2019.03.08-22.37.09:848][708]PIE: Play in editor start time for /Game/UEDPIE_0_Level1 -0.53
[2019.03.08-22.37.09:849][708]LogBlueprintUserMessages: Late PlayInEditor Detection: Level '/Game/Level1.Level1:PersistentLevel' has LevelScriptBlueprint '/Game/Level1.Level1:PersistentLevel.Level1' with GeneratedClass '/Game/Level1.Level1_C' with ClassGeneratedBy '/Game/Level1.Level1:PersistentLevel.Level1'
[2019.03.08-22.38.40:036][523]LogBlueprintUserMessages: Early EndPlayMap Detection: Level '/Game/Level1.Level1:PersistentLevel' has LevelScriptBlueprint '/Game/Level1.Level1:PersistentLevel.Level1' with GeneratedClass '/Game/Level1.Level1_C' with ClassGeneratedBy '/Game/Level1.Level1:PersistentLevel.Level1'
[2019.03.08-22.38.40:036][523]LogSlate: Updating window title bar state: overlay mode, drag disabled, window buttons hidden, title bar hidden
[2019.03.08-22.38.40:075][523]LogPlayLevel: Display: Shutting down PIE online subsystems
[2019.03.08-22.38.40:076][523]LogBlueprintUserMessages: Late EndPlayMap Detection: Level '/Game/Level1.Level1:PersistentLevel' has LevelScriptBlueprint '/Game/Level1.Level1:PersistentLevel.Level1' with GeneratedClass '/Game/Level1.Level1_C' with ClassGeneratedBy '/Game/Level1.Level1:PersistentLevel.Level1'
[2019.03.08-22.38.40:109][523]LogSlate: Updating window title bar state: overlay mode, drag disabled, window buttons hidden, title bar hidden
[2019.03.08-22.38.40:144][525]LogPlayLevel: Display: Destroying online subsystem :Context_20
[2019.03.08-22.38.40:823][606]LogSlate: FSceneViewport::OnFocusLost() reason 0
[2019.03.08-22.38.40:919][615]Cmd: OBJ SAVEPACKAGE PACKAGE="/Game/Level1" FILE="../../../../../GitHub Folder/GitProject/Content/Level1.umap" SILENT=true AUTOSAVING=false KEEPDIRTY=false
[2019.03.08-22.38.41:264][615]LogSavePackage: Moving '../../../../../GitHub Folder/GitProject/Saved/Level1F3379EA24A5BF5DCAFA977B92219AC50.tmp' to '../../../../../GitHub Folder/GitProject/Content/Level1.umap'
[2019.03.08-22.38.41:688][660]LogSlate: FSceneViewport::OnFocusLost() reason 2
[2019.03.08-22.38.42:525][759]LogSlate: FSceneViewport::OnFocusLost() reason 2
[2019.03.08-22.38.44:236][959]LogWindows: Warning: CreateProc failed: The system cannot find the file specified. (0x00000002)
[2019.03.08-22.38.44:236][959]LogWindows: Warning: URL: D:/Git/bin/git.exe version
[2019.03.08-22.38.46:074][179]LogWindows: Warning: CreateProc failed: The system cannot find the file specified. (0x00000002)
[2019.03.08-22.38.46:074][179]LogWindows: Warning: URL: D:/Git/bin/git.exe version
[2019.03.08-22.38.46:074][179]SourceControl: Error: Failed to enable Git source control. You need to install Git and specify a valid path to git executable.
[2019.03.08-22.39.56:383][725]LogSlate: Window 'Source Control Login' being destroyed
[2019.03.08-22.40.00:259][189]LogSlate: FSceneViewport::OnFocusLost() reason 0
[2019.03.08-22.40.00:535][197]LogSlate: FSceneViewport::OnFocusLost() reason 2
[2019.03.08-22.40.00:540][197]Cmd: OBJ SAVEPACKAGE PACKAGE="/Game/Level1" FILE="../../../../../GitHub Folder/GitProject/Content/Level1.umap" SILENT=true AUTOSAVING=false KEEPDIRTY=false
[2019.03.08-22.40.00:892][197]LogSavePackage: Moving '../../../../../GitHub Folder/GitProject/Saved/Level1D6709A0D48A909E4672CAC92D5352B9B.tmp' to '../../../../../GitHub Folder/GitProject/Content/Level1.umap'
[2019.03.08-22.40.01:262][236]LogSlate: FSceneViewport::OnFocusLost() reason 2
[2019.03.08-22.40.03:205][466]SourceControl: fatal: E:/Unreal/UE_4.20/Engine/Content: 'E:/Unreal/UE_4.20/Engine/Content' is outside repository
[2019.03.08-22.40.03:430][466]LogSlate: FSceneViewport::OnFocusLost() reason 2
[2019.03.08-22.40.09:693][466]LogSlate: Window 'Submit Files' being destroyed
[2019.03.08-22.40.09:713][466]LogSlate: FSceneViewport::OnFocusLost() reason 2
[2019.03.08-22.40.10:205][466]LogSlate: FSceneViewport::OnFocusLost() reason 2
[2019.03.08-22.40.10:514][466]LogSlate: FSceneViewport::OnFocusLost() reason 2
[2019.03.08-22.40.10:956][466]LogSourceControl: commit successful: [master c8ed7c4] gems
[2019.03.08-22.40.11:385][466]SourceControl: [master c8ed7c4] gems
[2019.03.08-22.40.11:385][466]SourceControl:  4 files changed, 0 insertions(+), 0 deletions(-)
[2019.03.08-22.40.11:385][466]SourceControl:  rewrite Content/Level1.umap (76%)
[2019.03.08-22.40.11:385][466]SourceControl:  create mode 100644 Content/Level1Stuff/Gem.uasset
[2019.03.08-22.40.11:385][466]SourceControl:  rewrite Content/Level1Stuff/PlayerUI.uasset (80%)
[2019.03.08-22.40.11:385][466]SourceControl:  rewrite Content/Other/ThirdPersonBP/Blueprints/ThirdPersonCharacter.uasset (87%)
[2019.03.08-22.40.11:399][466]SourceControl: Commited [master c8ed7c4] gems.
