Log file open, 03/08/19 12:02:40
LogWindows: Failed to load 'aqProf.dll' (GetLastError=126)
LogWindows: File 'aqProf.dll' does not exist
LogWindows: Failed to load 'VSPerf140.dll' (GetLastError=126)
LogWindows: File 'VSPerf140.dll' does not exist
LogWindows: Failed to load 'VtuneApi.dll' (GetLastError=126)
LogWindows: File 'VtuneApi.dll' does not exist
LogWindows: Failed to load 'VtuneApi32e.dll' (GetLastError=126)
LogWindows: File 'VtuneApi32e.dll' does not exist
LogInit: Display: Running engine for game: GitProject
LogPlatformFile: Not using cached read wrapper
LogTaskGraph: Started task graph with 5 named threads and 23 total threads with 3 sets of task threads.
LogStats: Stats thread started at 0.390677
LogD3D11RHI: Loaded GFSDK_Aftermath_Lib.x64.dll
LogICUInternationalization: Display: ICU TimeZone Detection - Raw Offset: +0:00, Platform Override: ''
LogPluginManager: Mounting plugin Paper2D
LogPluginManager: Mounting plugin AISupport
LogPluginManager: Mounting plugin LightPropagationVolume
LogPluginManager: Mounting plugin CLionSourceCodeAccess
LogPluginManager: Mounting plugin CodeLiteSourceCodeAccess
LogPluginManager: Mounting plugin GitSourceControl
LogPluginManager: Mounting plugin KDevelopSourceCodeAccess
LogPluginManager: Mounting plugin NullSourceCodeAccess
LogPluginManager: Mounting plugin PerforceSourceControl
LogPluginManager: Mounting plugin SubversionSourceControl
LogPluginManager: Mounting plugin UObjectPlugin
LogPluginManager: Mounting plugin VisualStudioCodeSourceCodeAccess
LogPluginManager: Mounting plugin VisualStudioSourceCodeAccess
LogPluginManager: Mounting plugin XCodeSourceCodeAccess
LogPluginManager: Mounting plugin AssetManagerEditor
LogPluginManager: Mounting plugin CryptoKeys
LogPluginManager: Mounting plugin DataValidation
LogPluginManager: Mounting plugin FacialAnimation
LogPluginManager: Mounting plugin GameplayTagsEditor
LogPluginManager: Mounting plugin MacGraphicsSwitching
LogPluginManager: Mounting plugin MeshEditor
LogPluginManager: Mounting plugin MobileLauncherProfileWizard
LogPluginManager: Mounting plugin PluginBrowser
LogPluginManager: Mounting plugin SpeedTreeImporter
LogPluginManager: Mounting plugin DatasmithContent
LogPluginManager: Mounting plugin AlembicImporter
LogPluginManager: Mounting plugin AppleImageUtils
LogPluginManager: Mounting plugin AppleVision
LogPluginManager: Mounting plugin BackChannel
LogPluginManager: Mounting plugin CharacterAI
LogPluginManager: Mounting plugin GeometryCache
LogPluginManager: Mounting plugin HTML5Networking
LogPluginManager: Mounting plugin ProxyLODPlugin
LogPluginManager: Mounting plugin MagicLeap
LogPluginManager: Mounting plugin MagicLeapEmulator
LogPluginManager: Mounting plugin MagicLeapMedia
LogPluginManager: Mounting plugin AndroidMedia
LogPluginManager: Mounting plugin AvfMedia
LogPluginManager: Mounting plugin ImgMedia
LogPluginManager: Mounting plugin LinearTimecode
LogPluginManager: Mounting plugin MediaCompositing
LogPluginManager: Mounting plugin MediaPlayerEditor
LogPluginManager: Mounting plugin WmfMedia
LogPluginManager: Mounting plugin TcpMessaging
LogPluginManager: Mounting plugin UdpMessaging
LogPluginManager: Mounting plugin ActorSequence
LogPluginManager: Mounting plugin LevelSequenceEditor
LogPluginManager: Mounting plugin MatineeToLevelSequence
LogPluginManager: Mounting plugin NetcodeUnitTest
LogPluginManager: Mounting plugin NUTUnrealEngine4
LogPluginManager: Mounting plugin OnlineSubsystemGooglePlay
LogPluginManager: Mounting plugin OnlineSubsystemIOS
LogPluginManager: Mounting plugin OnlineSubsystem
LogPluginManager: Mounting plugin OnlineSubsystemNull
LogPluginManager: Mounting plugin OnlineSubsystemUtils
LogPluginManager: Mounting plugin LauncherChunkInstaller
LogPluginManager: Mounting plugin AndroidDeviceProfileSelector
LogPluginManager: Mounting plugin AndroidMoviePlayer
LogPluginManager: Mounting plugin AndroidPermission
LogPluginManager: Mounting plugin AppleMoviePlayer
LogPluginManager: Mounting plugin ArchVisCharacter
LogPluginManager: Mounting plugin AudioCapture
LogPluginManager: Mounting plugin CableComponent
LogPluginManager: Mounting plugin CustomMeshComponent
LogPluginManager: Mounting plugin EditableMesh
LogPluginManager: Mounting plugin ExampleDeviceProfileSelector
LogPluginManager: Mounting plugin GoogleCloudMessaging
LogPluginManager: Mounting plugin ImmediatePhysics
LogPluginManager: Mounting plugin IOSDeviceProfileSelector
LogPluginManager: Mounting plugin LinuxDeviceProfileSelector
LogPluginManager: Mounting plugin LocationServicesBPLibrary
LogPluginManager: Mounting plugin MobilePatchingUtils
LogPluginManager: Mounting plugin OculusVR
LogPluginManager: Plugin shader directory ../../../Engine/Plugins/Runtime/Oculus/OculusVR/Shaders found
LogPluginManager: Mapping shader source directory ../../../Engine/Plugins/Runtime/Oculus/OculusVR/Shaders to virtual directory /Plugin/OculusVR
LogPluginManager: Mounting plugin PhysXVehicles
LogPluginManager: Mounting plugin ProceduralMeshComponent
LogPluginManager: Mounting plugin RuntimePhysXCooking
LogPluginManager: Mounting plugin SteamVR
LogPluginManager: Mounting plugin WindowsMoviePlayer
LogStreaming: Display: Took  1.108s to configure plugins.
LogInit: Using libcurl 7.55.1-DEV
LogInit:  - built for x86_64-pc-win32
LogInit:  - supports SSL with OpenSSL/1.0.2h
LogInit:  - supports HTTP deflate (compression) using libz 1.2.8
LogInit:  - other features:
LogInit:      CURL_VERSION_SSL
LogInit:      CURL_VERSION_LIBZ
LogInit:      CURL_VERSION_IPV6
LogInit:      CURL_VERSION_ASYNCHDNS
LogInit:      CURL_VERSION_LARGEFILE
LogInit:      CURL_VERSION_IDN
LogInit:  CurlRequestOptions (configurable via config and command line):
LogInit:  - bVerifyPeer = false  - Libcurl will NOT verify peer certificate
LogInit:  - bUseHttpProxy = false  - Libcurl will NOT use HTTP proxy
LogInit:  - bDontReuseConnections = false  - Libcurl will reuse connections
LogInit:  - CertBundlePath = nullptr  - Libcurl will use whatever was configured at build time.
LogInit:  - MaxHostConnections = 16  - Libcurl will limit the number of connections to a host
LogInit:  - LocalHostAddr = Default
LogInit:  - BufferSize = 65536
LogInit: WinSock: version 1.1 (2.2), MaxSocks=32767, MaxUdp=65467
LogInit: Build: ++UE4+Release-4.20-CL-4369336
LogInit: Engine Version: 4.20.3-4369336+++UE4+Release-4.20
LogInit: Compatible Engine Version: 4.20.0-4212847+++UE4+Release-4.20
LogInit: Net CL: 4212847
LogInit: OS: Windows 10 (), CPU: Intel(R) Core(TM) i7-6700K CPU @ 4.00GHz, GPU: NVIDIA GeForce GTX 1080
LogInit: Compiled (64-bit): Sep 17 2018 12:26:19
LogInit: Compiled with Visual C++: 19.13.26129.00
LogInit: Build Configuration: Development
LogInit: Branch Name: ++UE4+Release-4.20
LogInit: Command Line:  
LogInit: Base Directory: C:/Apps/Epic Games/UE_4.20/Engine/Binaries/Win64/
LogInit: Installed Engine Build: 1
LogDevObjectVersion: Number of dev versions registered: 20
LogDevObjectVersion:   Dev-Blueprints (B0D832E4-1F89-4F0D-ACCF-7EB736FD4AA2): 10
LogDevObjectVersion:   Dev-Build (E1C64328-A22C-4D53-A36C-8E866417BD8C): 0
LogDevObjectVersion:   Dev-Core (375EC13C-06E4-48FB-B500-84F0262A717E): 2
LogDevObjectVersion:   Dev-Editor (E4B068ED-F494-42E9-A231-DA0B2E46BB41): 24
LogDevObjectVersion:   Dev-Framework (CFFC743F-43B0-4480-9391-14DF171D2073): 34
LogDevObjectVersion:   Dev-Mobile (B02B49B5-BB20-44E9-A304-32B752E40360): 2
LogDevObjectVersion:   Dev-Networking (A4E4105C-59A1-49B5-A7C5-40C4547EDFEE): 0
LogDevObjectVersion:   Dev-Online (39C831C9-5AE6-47DC-9A44-9C173E1C8E7C): 0
LogDevObjectVersion:   Dev-Physics (78F01B33-EBEA-4F98-B9B4-84EACCB95AA2): 0
LogDevObjectVersion:   Dev-Platform (6631380F-2D4D-43E0-8009-CF276956A95A): 0
LogDevObjectVersion:   Dev-Rendering (12F88B9F-8875-4AFC-A67C-D90C383ABD29): 26
LogDevObjectVersion:   Dev-Sequencer (7B5AE74C-D270-4C10-A958-57980B212A5A): 9
LogDevObjectVersion:   Dev-VR (D7296918-1DD6-4BDD-9DE2-64A83CC13884): 2
LogDevObjectVersion:   Dev-LoadTimes (C2A15278-BFE7-4AFE-6C17-90FF531DF755): 1
LogDevObjectVersion:   Private-Geometry (6EACA3D4-40EC-4CC1-B786-8BED09428FC5): 3
LogDevObjectVersion:   Dev-AnimPhys (29E575DD-E0A3-4627-9D10-D276232CDCEA): 17
LogDevObjectVersion:   Dev-ReflectionCapture (6B266CEC-1EC7-4B8F-A30B-E4D90942FC07): 1
LogDevObjectVersion:   Dev-Automation (0DF73D61-A23F-47EA-B727-89E90C41499A): 1
LogDevObjectVersion:   FortniteMain (601D1886-AC64-4F84-AA16-D3DE0DEAC7D6): 12
LogDevObjectVersion:   Dev-Enterprise (9DFFBCD6-494F-0158-E221-12823C92A888): 1
LogStreaming: Display: Took  0.004s to delete old logs.
LogInit: Presizing for max 8388607 objects, including 0 objects not considered by GC, pre-allocating 0 bytes for permanent pool.
LogInit: Object subsystem initialized
[2019.03.08-12.02.42:041][  0]LogInit: Selected Device Profile: [Windows]
[2019.03.08-12.02.42:041][  0]LogInit: Applying CVar settings loaded from the selected device profile: [Windows]
[2019.03.08-12.02.42:080][  0]LogHAL: Display: Platform has ~ 16 GB [17124970496 / 17179869184 / 16], which maps to Larger [LargestMinGB=32, LargerMinGB=12, DefaultMinGB=8, SmallerMinGB=6, SmallestMinGB=0)
[2019.03.08-12.02.42:081][  0]LogInit: Setting Device Profile CVar: [[r.Vulkan.UseRealUBs:1]]
[2019.03.08-12.02.42:081][  0]LogInit: Going up to parent DeviceProfile []
[2019.03.08-12.02.42:081][  0]LogInit: Computer: PPRSB1026-A05
[2019.03.08-12.02.42:081][  0]LogInit: User: K1735768
[2019.03.08-12.02.42:081][  0]LogInit: CPU Page size=4096, Cores=4
[2019.03.08-12.02.42:081][  0]LogInit: High frequency timer resolution =3.914057 MHz
[2019.03.08-12.02.42:082][  0]LogMemory: Memory total: Physical=15.9GB (16GB approx)
[2019.03.08-12.02.42:082][  0]LogMemory: Platform Memory Stats for Windows
[2019.03.08-12.02.42:082][  0]LogMemory: Process Physical Memory: 99.37 MB used, 99.37 MB peak
[2019.03.08-12.02.42:082][  0]LogMemory: Process Virtual Memory: 90.77 MB used, 90.77 MB peak
[2019.03.08-12.02.42:082][  0]LogMemory: Physical Memory: 4553.08 MB used,  11778.57 MB free, 16331.64 MB total
[2019.03.08-12.02.42:082][  0]LogMemory: Virtual Memory: 543.59 MB used,  11778.57 MB free, 134217728.00 MB total
[2019.03.08-12.02.42:165][  0]LogInit: Using OS detected language (en-US).
[2019.03.08-12.02.42:165][  0]LogInit: Using OS detected locale (en-GB).
[2019.03.08-12.02.42:173][  0]LogTextLocalizationManager: No specific localization for 'en-US' exists, so the 'en' localization will be used.
[2019.03.08-12.02.42:527][  0]LogStreaming: Display: Took  0.362s to InitEngineTextLocalization.
[2019.03.08-12.02.42:527][  0]LogInit: Setting process to per monitor DPI aware
[2019.03.08-12.02.42:624][  0]LogSlate: New Slate User Created.  User Index 0, Is Virtual User: 0
[2019.03.08-12.02.42:624][  0]LogSlate: Slate User Registered.  User Index 0, Is Virtual User: 0
[2019.03.08-12.02.45:556][  0]LogHMD: Failed to initialize OpenVR with code 110
[2019.03.08-12.02.45:556][  0]LogD3D11RHI: D3D11 adapters:
[2019.03.08-12.02.45:640][  0]LogD3D11RHI:    0. 'NVIDIA GeForce GTX 1080' (Feature Level 11_0)
[2019.03.08-12.02.45:640][  0]LogD3D11RHI:       8079/0/8165 MB DedicatedVideo/DedicatedSystem/SharedSystem, Outputs:1, VendorId:0x10de
[2019.03.08-12.02.45:646][  0]LogD3D11RHI:    1. 'Microsoft Basic Render Driver' (Feature Level 11_0)
[2019.03.08-12.02.45:646][  0]LogD3D11RHI:       0/0/8165 MB DedicatedVideo/DedicatedSystem/SharedSystem, Outputs:0, VendorId:0x1414
[2019.03.08-12.02.45:646][  0]LogD3D11RHI: Chosen D3D11 Adapter: 0
[2019.03.08-12.02.45:653][  0]LogD3D11RHI: Creating new Direct3DDevice
[2019.03.08-12.02.45:653][  0]LogD3D11RHI:     GPU DeviceId: 0x1b80 (for the marketing name, search the web for "GPU Device Id")
[2019.03.08-12.02.45:653][  0]LogWindows: EnumDisplayDevices:
[2019.03.08-12.02.45:653][  0]LogWindows:    0. 'NVIDIA GeForce GTX 1080' (P:1 D:1)
[2019.03.08-12.02.45:655][  0]LogWindows:    1. 'NVIDIA GeForce GTX 1080' (P:0 D:0)
[2019.03.08-12.02.45:656][  0]LogWindows:    2. 'NVIDIA GeForce GTX 1080' (P:0 D:0)
[2019.03.08-12.02.45:658][  0]LogWindows:    3. 'NVIDIA GeForce GTX 1080' (P:0 D:0)
[2019.03.08-12.02.45:659][  0]LogWindows: DebugString: FoundDriverCount:4 
[2019.03.08-12.02.45:659][  0]LogD3D11RHI:     Adapter Name: NVIDIA GeForce GTX 1080
[2019.03.08-12.02.45:659][  0]LogD3D11RHI:   Driver Version: 398.36 (internal:24.21.13.9836, unified:398.36)
[2019.03.08-12.02.45:659][  0]LogD3D11RHI:      Driver Date: 6-24-2018
[2019.03.08-12.02.45:659][  0]LogRHI: Texture pool is 5655 MB (70% of 8079 MB)
[2019.03.08-12.02.45:706][  0]LogD3D11RHI: Async texture creation enabled
[2019.03.08-12.02.45:722][  0]LogD3D11RHI: GPU Timing Frequency: 1000.000000 (Debug: 2 2)
[2019.03.08-12.02.45:767][  0]LogShaderCompilers: Guid format shader working directory is -16 characters bigger than the processId version (../../../../../../Users/K1735768/Downloads/git folder/GitProject/Intermediate/Shaders/WorkingDirectory/16680/).
[2019.03.08-12.02.45:769][  0]LogShaderCompilers: Cleaned the shader compiler working directory 'C:/Users/K1735768/AppData/Local/Temp/UnrealShaderWorkingDir/DA2F0368484124F1463D24ADB8BCF38B/'.
[2019.03.08-12.02.46:305][  0]LogTemp: Display: Loaded TP AllDesktopTargetPlatform
[2019.03.08-12.02.46:331][  0]LogTemp: Display: Loaded TP MacClientTargetPlatform
[2019.03.08-12.02.46:358][  0]LogTemp: Display: Loaded TP MacNoEditorTargetPlatform
[2019.03.08-12.02.46:386][  0]LogTemp: Display: Loaded TP MacServerTargetPlatform
[2019.03.08-12.02.46:415][  0]LogTemp: Display: Loaded TP MacTargetPlatform
[2019.03.08-12.02.46:441][  0]LogTemp: Display: Loaded TP WindowsClientTargetPlatform
[2019.03.08-12.02.46:466][  0]LogTemp: Display: Loaded TP WindowsNoEditorTargetPlatform
[2019.03.08-12.02.46:493][  0]LogTemp: Display: Loaded TP WindowsServerTargetPlatform
[2019.03.08-12.02.46:509][  0]LogTemp: Display: Loaded TP WindowsTargetPlatform
[2019.03.08-12.02.46:640][  0]LogTemp: Display: Loaded TP AndroidTargetPlatform
[2019.03.08-12.02.46:640][  0]LogTemp: Display: Loaded TP AndroidTargetPlatform
[2019.03.08-12.02.46:640][  0]LogTemp: Display: Loaded TP AndroidTargetPlatform
[2019.03.08-12.02.46:640][  0]LogTemp: Display: Loaded TP AndroidTargetPlatform
[2019.03.08-12.02.46:640][  0]LogTemp: Display: Loaded TP AndroidTargetPlatform
[2019.03.08-12.02.46:640][  0]LogTemp: Display: Loaded TP AndroidTargetPlatform
[2019.03.08-12.02.46:640][  0]LogTemp: Display: Loaded TP AndroidTargetPlatform
[2019.03.08-12.02.46:640][  0]LogTemp: Display: Loaded TP AndroidTargetPlatform
[2019.03.08-12.02.46:640][  0]LogTemp: Display: Loaded TP AndroidTargetPlatform
[2019.03.08-12.02.46:640][  0]LogTemp: Display: Loaded TP AndroidTargetPlatform
[2019.03.08-12.02.46:640][  0]LogTemp: Display: Loaded TP AndroidTargetPlatform
[2019.03.08-12.02.46:640][  0]LogTemp: Display: Loaded TP AndroidTargetPlatform
[2019.03.08-12.02.46:640][  0]LogTemp: Display: Loaded TP AndroidTargetPlatform
[2019.03.08-12.02.46:640][  0]LogTemp: Display: Loaded TP AndroidTargetPlatform
[2019.03.08-12.02.46:640][  0]LogTemp: Display: Loaded TP AndroidTargetPlatform
[2019.03.08-12.02.46:640][  0]LogTemp: Display: Loaded TP AndroidTargetPlatform
[2019.03.08-12.02.46:640][  0]LogTemp: Display: Loaded TP AndroidTargetPlatform
[2019.03.08-12.02.46:640][  0]LogTemp: Display: Loaded TP AndroidTargetPlatform
[2019.03.08-12.02.46:649][  0]LogTemp: Display: Loaded TP HTML5TargetPlatform
[2019.03.08-12.02.46:732][  0]LogTemp: Display: Loaded TP IOSTargetPlatform
[2019.03.08-12.02.46:732][  0]LogTemp: Display: Loaded TP IOSTargetPlatform
[2019.03.08-12.02.46:770][  0]LogTemp: Display: Loaded TP TVOSTargetPlatform
[2019.03.08-12.02.46:770][  0]LogTemp: Display: Loaded TP TVOSTargetPlatform
[2019.03.08-12.02.46:791][  0]LogTemp: Display: Loaded TP LinuxClientTargetPlatform
[2019.03.08-12.02.46:813][  0]LogTemp: Display: Loaded TP LinuxNoEditorTargetPlatform
[2019.03.08-12.02.46:834][  0]LogTemp: Display: Loaded TP LinuxServerTargetPlatform
[2019.03.08-12.02.46:862][  0]LogTemp: Display: Loaded TP LinuxTargetPlatform
[2019.03.08-12.02.46:879][  0]LogTemp: Display: Loaded TP LuminTargetPlatform
[2019.03.08-12.02.46:879][  0]LogTargetPlatformManager: Display: Building Assets For Windows
[2019.03.08-12.02.47:102][  0]LogXGEController: Cleaning working directory: C:/Users/K1735768/AppData/Local/Temp/UnrealXGEWorkingDir/
[2019.03.08-12.02.47:104][  0]LogXGEController: Cannot use XGE Controller as Incredibuild is not installed on this machine.
[2019.03.08-12.02.47:105][  0]LogShaderCompilers: Cannot use XGE Shader Compiler as Incredibuild is not installed on this machine.
[2019.03.08-12.02.47:105][  0]LogShaderCompilers: Display: Using Local Shader Compiler.
[2019.03.08-12.02.50:424][  0]LogDerivedDataCache: Display: Max Cache Size: 512 MB
[2019.03.08-12.02.50:486][  0]LogDerivedDataCache: Loaded boot cache 0.06s 87MB C:/Users/K1735768/AppData/Local/UnrealEngine/4.20/DerivedDataCache/Boot.ddc.
[2019.03.08-12.02.50:486][  0]LogDerivedDataCache: Display: Loaded Boot cache: C:/Users/K1735768/AppData/Local/UnrealEngine/4.20/DerivedDataCache/Boot.ddc
[2019.03.08-12.02.50:487][  0]LogDerivedDataCache: FDerivedDataBackendGraph:  Pak pak cache file ../../../../../../Users/K1735768/Downloads/git folder/GitProject/DerivedDataCache/DDC.ddp not found, will not use a pak cache.
[2019.03.08-12.02.50:487][  0]LogDerivedDataCache: Unable to find inner node Pak for hierarchical cache Hierarchy.
[2019.03.08-12.02.50:487][  0]LogDerivedDataCache: FDerivedDataBackendGraph:  CompressedPak pak cache file ../../../../../../Users/K1735768/Downloads/git folder/GitProject/DerivedDataCache/Compressed.ddp not found, will not use a pak cache.
[2019.03.08-12.02.50:487][  0]LogDerivedDataCache: Unable to find inner node CompressedPak for hierarchical cache Hierarchy.
[2019.03.08-12.02.50:499][  0]LogDerivedDataCache: Display: Pak cache opened for reading ../../../Engine/DerivedDataCache/Compressed.ddp.
[2019.03.08-12.02.50:518][  0]LogDerivedDataCache: Using Local data cache path C:/Users/K1735768/AppData/Local/UnrealEngine/Common/DerivedDataCache: Writable
[2019.03.08-12.02.50:518][  0]LogDerivedDataCache: Shared data cache path not found in *engine.ini, will not use an Shared cache.
[2019.03.08-12.02.50:518][  0]LogDerivedDataCache: Unable to find inner node Shared for hierarchical cache Hierarchy.
[2019.03.08-12.02.50:535][  0]LogMaterial: Verifying Global Shaders for PCD3D_SM5
[2019.03.08-12.02.50:536][  0]LogSlate: Using FreeType 2.6.0
[2019.03.08-12.02.50:549][  0]LogSlate: SlateFontServices - WITH_FREETYPE: 1, WITH_HARFBUZZ: 1
[2019.03.08-12.02.50:867][  0]LogAssetRegistry: FAssetRegistry took 0.0336 seconds to start up
[2019.03.08-12.02.51:568][  0]LogInit: Selected Device Profile: [Windows]
[2019.03.08-12.02.51:852][  0]LogSimplygon: Simplygon DLL not present - disabling.
[2019.03.08-12.02.51:869][  0]LogMeshReduction: Using SimplygonSwarm for distributed automatic mesh merging
[2019.03.08-12.02.51:869][  0]LogMeshReduction: Using ProxyLODMeshReduction for automatic mesh merging
[2019.03.08-12.02.51:869][  0]LogMeshReduction: Using QuadricMeshReduction for automatic static mesh reduction
[2019.03.08-12.02.51:869][  0]LogMeshReduction: No automatic skeletal mesh reduction module available
[2019.03.08-12.02.51:907][  0]LogNetVersion: GitProject 1.0.0, NetCL: 4212847, EngineNetVer: 5, GameNetVer: 0 (Checksum: 423630275)
[2019.03.08-12.02.53:373][  0]LogPackageLocalizationCache: Processed 11 localized package path(s) for 2 prioritized culture(s) in 0.477996 seconds
[2019.03.08-12.02.53:378][  0]LogUObjectArray: 38425 objects as part of root set at end of initial load.
[2019.03.08-12.02.53:378][  0]LogUObjectAllocator: 6690872 out of 0 bytes used by permanent object pool.
[2019.03.08-12.02.53:378][  0]LogUObjectArray: CloseDisregardForGC: 0/0 objects in disregard for GC pool
[2019.03.08-12.02.56:883][  0]LogTcpMessaging: Initializing TcpMessaging bridge
[2019.03.08-12.02.56:901][  0]LogUdpMessaging: Initializing bridge on interface 0.0.0.0:0 to multicast group 230.0.0.1:6666.
[2019.03.08-12.02.57:216][  0]SourceControl: Source control is disabled
[2019.03.08-12.02.57:217][  0]LogWindows: Warning: CreateProc failed: The system cannot find the file specified. (0x00000002)
[2019.03.08-12.02.57:217][  0]LogWindows: Warning: URL: C:/Program Files/Git/bin/git.exe version
[2019.03.08-12.02.57:220][  0]LogWindows: Warning: CreateProc failed: The system cannot find the file specified. (0x00000002)
[2019.03.08-12.02.57:220][  0]LogWindows: Warning: URL: C:/Program Files (x86)/Git/bin/git.exe version
[2019.03.08-12.02.57:221][  0]LogWindows: Warning: CreateProc failed: The system cannot find the file specified. (0x00000002)
[2019.03.08-12.02.57:221][  0]LogWindows: Warning: URL: C:\Users\K1735768\AppData\Local/Programs/Git/cmd/git.exe version
[2019.03.08-12.02.57:223][  0]LogWindows: Warning: CreateProc failed: The system cannot find the file specified. (0x00000002)
[2019.03.08-12.02.57:223][  0]LogWindows: Warning: URL: C:/Program Files (x86)/SmartGit/git/bin/git.exe version
[2019.03.08-12.02.57:226][  0]LogWindows: Warning: CreateProc failed: The system cannot find the file specified. (0x00000002)
[2019.03.08-12.02.57:226][  0]LogWindows: Warning: URL: C:/Program Files (x86)/SmartGit/bin/git.exe version
[2019.03.08-12.02.57:227][  0]LogWindows: Warning: CreateProc failed: The system cannot find the file specified. (0x00000002)
[2019.03.08-12.02.57:227][  0]LogWindows: Warning: URL: C:\Users\K1735768\AppData\Local/Atlassian/SourceTree/git_local/bin/git.exe version
[2019.03.08-12.02.57:230][  0]LogWindows: Warning: CreateProc failed: The system cannot find the file specified. (0x00000002)
[2019.03.08-12.02.57:230][  0]LogWindows: Warning: URL: C:/Program Files (x86)/fournova/Tower/vendor/Git/bin/git.exe version
[2019.03.08-12.02.57:237][  0]LogWindows: Warning: CreateProc failed: The system cannot find the file specified. (0x00000002)
[2019.03.08-12.02.57:237][  0]LogWindows: Warning: URL: C:/Program Files/Git/bin/git.exe version
[2019.03.08-12.02.57:239][  0]LogWindows: Warning: CreateProc failed: The system cannot find the file specified. (0x00000002)
[2019.03.08-12.02.57:239][  0]LogWindows: Warning: URL: C:/Program Files (x86)/Git/bin/git.exe version
[2019.03.08-12.02.57:240][  0]LogWindows: Warning: CreateProc failed: The system cannot find the file specified. (0x00000002)
[2019.03.08-12.02.57:240][  0]LogWindows: Warning: URL: C:\Users\K1735768\AppData\Local/Programs/Git/cmd/git.exe version
[2019.03.08-12.02.57:242][  0]LogWindows: Warning: CreateProc failed: The system cannot find the file specified. (0x00000002)
[2019.03.08-12.02.57:242][  0]LogWindows: Warning: URL: C:/Program Files (x86)/SmartGit/git/bin/git.exe version
[2019.03.08-12.02.57:244][  0]LogWindows: Warning: CreateProc failed: The system cannot find the file specified. (0x00000002)
[2019.03.08-12.02.57:245][  0]LogWindows: Warning: URL: C:/Program Files (x86)/SmartGit/bin/git.exe version
[2019.03.08-12.02.57:245][  0]LogWindows: Warning: CreateProc failed: The system cannot find the file specified. (0x00000002)
[2019.03.08-12.02.57:245][  0]LogWindows: Warning: URL: C:\Users\K1735768\AppData\Local/Atlassian/SourceTree/git_local/bin/git.exe version
[2019.03.08-12.02.57:248][  0]LogWindows: Warning: CreateProc failed: The system cannot find the file specified. (0x00000002)
[2019.03.08-12.02.57:248][  0]LogWindows: Warning: URL: C:/Program Files (x86)/fournova/Tower/vendor/Git/bin/git.exe version
[2019.03.08-12.02.57:253][  0]LogWindows: Warning: CreateProc failed: The system cannot find the file specified. (0x00000002)
[2019.03.08-12.02.57:253][  0]LogWindows: Warning: URL: C:/Program Files/Git/bin/git.exe version
[2019.03.08-12.02.57:255][  0]LogWindows: Warning: CreateProc failed: The system cannot find the file specified. (0x00000002)
[2019.03.08-12.02.57:255][  0]LogWindows: Warning: URL: C:/Program Files (x86)/Git/bin/git.exe version
[2019.03.08-12.02.57:256][  0]LogWindows: Warning: CreateProc failed: The system cannot find the file specified. (0x00000002)
[2019.03.08-12.02.57:256][  0]LogWindows: Warning: URL: C:\Users\K1735768\AppData\Local/Programs/Git/cmd/git.exe version
[2019.03.08-12.02.57:258][  0]LogWindows: Warning: CreateProc failed: The system cannot find the file specified. (0x00000002)
[2019.03.08-12.02.57:258][  0]LogWindows: Warning: URL: C:/Program Files (x86)/SmartGit/git/bin/git.exe version
[2019.03.08-12.02.57:261][  0]LogWindows: Warning: CreateProc failed: The system cannot find the file specified. (0x00000002)
[2019.03.08-12.02.57:261][  0]LogWindows: Warning: URL: C:/Program Files (x86)/SmartGit/bin/git.exe version
[2019.03.08-12.02.57:262][  0]LogWindows: Warning: CreateProc failed: The system cannot find the file specified. (0x00000002)
[2019.03.08-12.02.57:262][  0]LogWindows: Warning: URL: C:\Users\K1735768\AppData\Local/Atlassian/SourceTree/git_local/bin/git.exe version
[2019.03.08-12.02.57:265][  0]LogWindows: Warning: CreateProc failed: The system cannot find the file specified. (0x00000002)
[2019.03.08-12.02.57:265][  0]LogWindows: Warning: URL: C:/Program Files (x86)/fournova/Tower/vendor/Git/bin/git.exe version
[2019.03.08-12.02.57:631][  0]LogAndroidPermission: UAndroidPermissionCallbackProxy::GetInstance
[2019.03.08-12.02.57:802][  0]LogOcInput: OculusInput pre-init called
[2019.03.08-12.02.57:909][  0]LogEngine: Initializing Engine...
[2019.03.08-12.02.57:916][  0]LogHMD: Failed to initialize OpenVR with code 110
[2019.03.08-12.02.57:918][  0]LogStats: UGameplayTagsManager::ConstructGameplayTagTree: ImportINI prefixes -  0.000 s
[2019.03.08-12.02.57:918][  0]LogStats: UGameplayTagsManager::ConstructGameplayTagTree: Construct from data asset -  0.000 s
[2019.03.08-12.02.57:919][  0]LogStats: UGameplayTagsManager::ConstructGameplayTagTree: ImportINI -  0.001 s
[2019.03.08-12.02.57:919][  0]LogStats: UGameplayTagsManager::ConstructGameplayTagTree: GameplayTagTreeChangedEvent.Broadcast -  0.000 s
[2019.03.08-12.02.58:255][  0]LogInit: Initializing FReadOnlyCVARCache
[2019.03.08-12.02.58:294][  0]LogAIModule: Creating AISystem for world Untitled
[2019.03.08-12.02.58:331][  0]LogInit: XAudio2 using 'LEN LT2323pwA (NVIDIA High Definition Audio)' : 2 channels at 48 kHz using 16 bits per sample (channel mask 0x3)
[2019.03.08-12.02.58:388][  0]LogInit: FAudioDevice initialized.
[2019.03.08-12.02.58:388][  0]LogNetVersion: Set ProjectVersion to 1.0.0.0. Version Checksum will be recalculated on next use.
[2019.03.08-12.02.58:463][  0]LogDerivedDataCache: Saved boot cache 0.08s 87MB C:/Users/K1735768/AppData/Local/UnrealEngine/4.20/DerivedDataCache/Boot.ddc.
[2019.03.08-12.02.58:470][  0]LogInit: Texture streaming: Enabled
[2019.03.08-12.02.58:527][  0]LogEngineSessionManager: EngineSessionManager initialized
[2019.03.08-12.02.58:571][  0]LogInit: Transaction tracking system initialized
[2019.03.08-12.02.58:658][  0]BlueprintLog: New page: Editor Load
[2019.03.08-12.02.58:938][  0]LocalizationService: Localization service is disabled
[2019.03.08-12.02.59:601][  0]LogCook: Display: Max memory allowance for cook 16384mb min free memory 0mb
[2019.03.08-12.02.59:601][  0]LogCook: Display: Mobile HDR setting 1
[2019.03.08-12.02.59:601][  0]LogGameplayTags: Display: UGameplayTagsManager::DoneAddingNativeTags. DelegateIsBound: 0
[2019.03.08-12.02.59:601][  0]LogStats: UGameplayTagsManager::ConstructGameplayTagTree: ImportINI prefixes -  0.000 s
[2019.03.08-12.02.59:601][  0]LogStats: UGameplayTagsManager::ConstructGameplayTagTree: Construct from data asset -  0.000 s
[2019.03.08-12.02.59:603][  0]LogStats: UGameplayTagsManager::ConstructGameplayTagTree: ImportINI -  0.002 s
[2019.03.08-12.02.59:603][  0]LogStats: UGameplayTagsManager::ConstructGameplayTagTree: GameplayTagTreeChangedEvent.Broadcast -  0.000 s
[2019.03.08-12.02.59:964][  0]LogFileCache: Scanning file cache for directory 'C:/Users/K1735768/Downloads/git folder/GitProject/Content/' took 0.06s
[2019.03.08-12.02.59:964][  0]LogWindows: Warning: CreateProc failed: The system cannot find the file specified. (0x00000002)
[2019.03.08-12.02.59:964][  0]LogWindows: Warning: URL: C:/Program Files/Git/bin/git.exe version
[2019.03.08-12.02.59:967][  0]LogWindows: Warning: CreateProc failed: The system cannot find the file specified. (0x00000002)
[2019.03.08-12.02.59:967][  0]LogWindows: Warning: URL: C:/Program Files (x86)/Git/bin/git.exe version
[2019.03.08-12.02.59:968][  0]LogWindows: Warning: CreateProc failed: The system cannot find the file specified. (0x00000002)
[2019.03.08-12.02.59:968][  0]LogWindows: Warning: URL: C:\Users\K1735768\AppData\Local/Programs/Git/cmd/git.exe version
[2019.03.08-12.02.59:970][  0]LogWindows: Warning: CreateProc failed: The system cannot find the file specified. (0x00000002)
[2019.03.08-12.02.59:970][  0]LogWindows: Warning: URL: C:/Program Files (x86)/SmartGit/git/bin/git.exe version
[2019.03.08-12.02.59:973][  0]LogWindows: Warning: CreateProc failed: The system cannot find the file specified. (0x00000002)
[2019.03.08-12.02.59:973][  0]LogWindows: Warning: URL: C:/Program Files (x86)/SmartGit/bin/git.exe version
[2019.03.08-12.02.59:974][  0]LogWindows: Warning: CreateProc failed: The system cannot find the file specified. (0x00000002)
[2019.03.08-12.02.59:974][  0]LogWindows: Warning: URL: C:\Users\K1735768\AppData\Local/Atlassian/SourceTree/git_local/bin/git.exe version
[2019.03.08-12.02.59:977][  0]LogWindows: Warning: CreateProc failed: The system cannot find the file specified. (0x00000002)
[2019.03.08-12.02.59:977][  0]LogWindows: Warning: URL: C:/Program Files (x86)/fournova/Tower/vendor/Git/bin/git.exe version
[2019.03.08-12.02.59:977][  0]Cmd: MAP LOAD FILE="../../../Engine/Content/Maps/Templates/Template_Default.umap" TEMPLATE=1 SHOWPROGRESS=1 FEATURELEVEL=3
[2019.03.08-12.02.59:981][  0]LightingResults: New page: Lighting Build
[2019.03.08-12.02.59:990][  0]MapCheck: New page: Map Check
[2019.03.08-12.02.59:990][  0]LightingResults: New page: Lighting Build
[2019.03.08-12.03.00:231][  0]LogAIModule: Creating AISystem for world Untitled_1
[2019.03.08-12.03.00:250][  0]LogEditorServer: Finished looking for orphan Actors (0.000 secs)
[2019.03.08-12.03.00:272][  0]Cmd: MAP CHECKDEP NOCLEARLOG
[2019.03.08-12.03.00:760][  0]MapCheck: Map check complete: 0 Error(s), 0 Warning(s), took 488.648ms to complete.
[2019.03.08-12.03.00:761][  0]LogFileHelpers: Loading map 'Template_Default' took 0.784
[2019.03.08-12.03.00:881][  0]LogSlate: Updating window title bar state: overlay mode, drag disabled, window buttons hidden, title bar hidden
[2019.03.08-12.03.00:887][  0]LogSlate: Updating window title bar state: overlay mode, drag disabled, window buttons hidden, title bar hidden
[2019.03.08-12.03.00:893][  0]LogSlate: Updating window title bar state: overlay mode, drag disabled, window buttons hidden, title bar hidden
[2019.03.08-12.03.00:899][  0]LogSlate: Updating window title bar state: overlay mode, drag disabled, window buttons hidden, title bar hidden
[2019.03.08-12.03.00:926][  0]LogCollectionManager: Loaded 0 collections in 0.009740 seconds
[2019.03.08-12.03.00:997][  0]LogFileCache: Scanning file cache for directory 'C:/Users/K1735768/Downloads/git folder/GitProject/Saved/Collections/' took 0.01s
[2019.03.08-12.03.00:997][  0]LogFileCache: Scanning file cache for directory 'C:/Users/K1735768/Downloads/git folder/GitProject/Content/Developers/K1735768/Collections/' took 0.01s
[2019.03.08-12.03.00:997][  0]LogFileCache: Scanning file cache for directory 'C:/Users/K1735768/Downloads/git folder/GitProject/Content/Collections/' took 0.01s
[2019.03.08-12.03.00:997][  0]LogCollectionManager: Rebuilt the GUID cache for 0 collections in 0.000001 seconds
[2019.03.08-12.03.01:005][  0]LogContentBrowser: Native class hierarchy populated in 0.0076 seconds. Added 2572 classes and 603 folders.
[2019.03.08-12.03.01:026][  0]LogContentBrowser: Native class hierarchy updated for 'WidgetCarousel' in 0.0006 seconds. Added 0 classes and 0 folders.
[2019.03.08-12.03.01:576][  0]LogContentBrowser: Native class hierarchy updated for 'AddContentDialog' in 0.0006 seconds. Added 0 classes and 0 folders.
[2019.03.08-12.03.01:588][  0]LogContentBrowser: Native class hierarchy updated for 'SceneOutliner' in 0.0006 seconds. Added 1 classes and 2 folders.
[2019.03.08-12.03.01:606][  0]LogSlate: Took 0.005966 seconds to synchronously load lazily loaded font '../../../Engine/Content/Slate/Fonts/Roboto-Regular.ttf' (155K)
[2019.03.08-12.03.01:612][  0]LogSlate: Took 0.005640 seconds to synchronously load lazily loaded font '../../../Engine/Content/Slate/Fonts/Roboto-Bold.ttf' (160K)
[2019.03.08-12.03.01:622][  0]LogSlate: Took 0.005498 seconds to synchronously load lazily loaded font '../../../Engine/Content/Editor/Slate/Fonts/FontAwesome.ttf' (139K)
[2019.03.08-12.03.01:741][  0]LogRenderer: Reallocating scene render targets to support 1208x576 Format 10 NumSamples 1 (Frame:1).
[2019.03.08-12.03.01:862][  0]LogContentBrowser: Native class hierarchy updated for 'HierarchicalLODOutliner' in 0.0006 seconds. Added 0 classes and 0 folders.
[2019.03.08-12.03.01:862][  0]LogLoad: (Engine Initialization) Total time: 33.61 seconds
[2019.03.08-12.03.01:862][  0]LogLoad: (Engine Initialization) Total Blueprint compile time: 0.00 seconds
[2019.03.08-12.03.01:896][  0]LogContentStreaming: Texture pool size now 1000 MB
[2019.03.08-12.03.01:914][  0]LogSlate: Took 0.006052 seconds to synchronously load lazily loaded font '../../../Engine/Content/Slate/Fonts/Roboto-Light.ttf' (167K)
[2019.03.08-12.03.02:027][  1]LogAssetRegistry: Asset discovery search completed in 11.1826 seconds
[2019.03.08-12.03.02:029][  1]LogCollectionManager: Rebuilt the object cache for 0 collections in 0.000000 seconds (found 0 objects)
[2019.03.08-12.03.02:029][  1]LogCollectionManager: Fixed up redirectors for 0 collections in 0.000051 seconds (updated 0 objects)
[2019.03.08-12.03.04:359][  8]LogSlate: FSceneViewport::OnFocusLost() reason 0
[2019.03.08-12.03.04:365][  8]LogSlate: Took 0.000758 seconds to synchronously load lazily loaded font '../../../Engine/Content/Slate/Fonts/Roboto-Light.ttf' (167K)
[2019.03.08-12.03.04:765][  8]LogAIModule: Creating AISystem for world Level1
[2019.03.08-12.03.04:777][  8]LogAssetEditorManager: Opening Asset editor for World /Game/Level1.Level1
[2019.03.08-12.03.04:796][  8]Cmd: MAP LOAD FILE="../../../../../../Users/K1735768/Downloads/git folder/GitProject/Content/Level1.umap" TEMPLATE=0 SHOWPROGRESS=1 FEATURELEVEL=3
[2019.03.08-12.03.04:796][  8]LightingResults: New page: Lighting Build
[2019.03.08-12.03.04:797][  8]LoadErrors: New page: Loading map: Level1.umap
[2019.03.08-12.03.04:797][  8]MapCheck: New page: Map Check
[2019.03.08-12.03.04:797][  8]LightingResults: New page: Lighting Build
[2019.03.08-12.03.05:606][  8]LogEditorServer: Finished looking for orphan Actors (0.000 secs)
[2019.03.08-12.03.05:660][  8]Cmd: MAP CHECKDEP NOCLEARLOG
[2019.03.08-12.03.06:171][  8]MapCheck: Map check complete: 0 Error(s), 0 Warning(s), took 510.902ms to complete.
[2019.03.08-12.03.06:173][  8]LogFileHelpers: Loading map 'Level1' took 1.378
[2019.03.08-12.03.07:312][129]LogTemp: Repeating last play command: Selected Viewport
[2019.03.08-12.03.07:331][129]LogBlueprintUserMessages: Early PlayInEditor Detection: Level '/Game/Level1.Level1:PersistentLevel' has LevelScriptBlueprint '/Game/Level1.Level1:PersistentLevel.Level1' with GeneratedClass '/Game/Level1.Level1_C' with ClassGeneratedBy '/Game/Level1.Level1:PersistentLevel.Level1'
[2019.03.08-12.03.07:331][129]LogPlayLevel: PlayLevel: No blueprints needed recompiling
[2019.03.08-12.03.07:343][129]PIE: New page: PIE session: Level1 (8 Mar 2019 12:03:07)
[2019.03.08-12.03.07:343][129]LogPlayLevel: Creating play world package: /Game/UEDPIE_0_Level1
[2019.03.08-12.03.07:360][129]LogPlayLevel: PIE: StaticDuplicateObject took: (0.017398s)
[2019.03.08-12.03.07:361][129]LogAIModule: Creating AISystem for world Level1
[2019.03.08-12.03.07:361][129]LogPlayLevel: PIE: World Init took: (0.000556s)
[2019.03.08-12.03.07:361][129]LogPlayLevel: PIE: Created PIE world by copying editor world from /Game/Level1.Level1 to /Game/UEDPIE_0_Level1.Level1 (0.018062s)
[2019.03.08-12.03.07:405][129]LogInit: XAudio2 using 'LEN LT2323pwA (NVIDIA High Definition Audio)' : 2 channels at 48 kHz using 16 bits per sample (channel mask 0x3)
[2019.03.08-12.03.07:420][129]LogInit: FAudioDevice initialized.
[2019.03.08-12.03.07:461][129]LogLoad: Game class is 'GameModeBase'
[2019.03.08-12.03.07:465][129]LogWorld: Bringing World /Game/UEDPIE_0_Level1.Level1 up for play (max tick rate 0) at 2019.03.08-12.03.07
[2019.03.08-12.03.07:465][129]LogWorld: Bringing up level for play took: 0.002178
[2019.03.08-12.03.07:498][129]LogContentBrowser: Native class hierarchy updated for 'MovieSceneCapture' in 0.0006 seconds. Added 10 classes and 0 folders.
[2019.03.08-12.03.07:499][129]PIE: Play in editor start time for /Game/UEDPIE_0_Level1 0.163
[2019.03.08-12.03.07:499][129]LogBlueprintUserMessages: Late PlayInEditor Detection: Level '/Game/Level1.Level1:PersistentLevel' has LevelScriptBlueprint '/Game/Level1.Level1:PersistentLevel.Level1' with GeneratedClass '/Game/Level1.Level1_C' with ClassGeneratedBy '/Game/Level1.Level1:PersistentLevel.Level1'
[2019.03.08-12.03.53:105][600]LogBlueprintUserMessages: Early EndPlayMap Detection: Level '/Game/Level1.Level1:PersistentLevel' has LevelScriptBlueprint '/Game/Level1.Level1:PersistentLevel.Level1' with GeneratedClass '/Game/Level1.Level1_C' with ClassGeneratedBy '/Game/Level1.Level1:PersistentLevel.Level1'
[2019.03.08-12.03.53:106][600]LogSlate: Updating window title bar state: overlay mode, drag disabled, window buttons hidden, title bar hidden
[2019.03.08-12.03.53:138][600]LogPlayLevel: Display: Shutting down PIE online subsystems
[2019.03.08-12.03.53:138][600]LogBlueprintUserMessages: Late EndPlayMap Detection: Level '/Game/Level1.Level1:PersistentLevel' has LevelScriptBlueprint '/Game/Level1.Level1:PersistentLevel.Level1' with GeneratedClass '/Game/Level1.Level1_C' with ClassGeneratedBy '/Game/Level1.Level1:PersistentLevel.Level1'
[2019.03.08-12.03.53:156][600]LogSlate: Updating window title bar state: overlay mode, drag disabled, window buttons hidden, title bar hidden
[2019.03.08-12.03.53:211][606]LogPlayLevel: Display: Destroying online subsystem :Context_2
[2019.03.08-12.03.56:034][943]LogEditorViewport: Clicking on Actor (LMB): ThirdPersonCharacter_C (ThirdPersonCharacter)
[2019.03.08-12.03.57:621][105]LogSlate: FSceneViewport::OnFocusLost() reason 0
[2019.03.08-12.03.57:728][117]LogAssetEditorManager: Opening Asset editor for Blueprint /Game/ThirdPersonBP/Blueprints/ThirdPersonCharacter.ThirdPersonCharacter
[2019.03.08-12.03.58:237][117]LogContentBrowser: Native class hierarchy updated for 'BlueprintGraph' in 0.0009 seconds. Added 116 classes and 0 folders.
[2019.03.08-12.03.59:013][117]LogSlate: Took 0.007976 seconds to synchronously load lazily loaded font '../../../Engine/Content/Slate/Fonts/Roboto-BoldCondensed.ttf' (158K)
[2019.03.08-12.03.59:332][118]LogSlate: Took 0.006497 seconds to synchronously load lazily loaded font '../../../Engine/Content/Slate/Fonts/Roboto-Italic.ttf' (157K)
[2019.03.08-12.04.14:916][685]BlueprintLog: New page: Compile ThirdPersonCharacter
[2019.03.08-12.04.15:977][717]LogSavePackage: Moving '../../../../../../Users/K1735768/Downloads/git folder/GitProject/Saved/ThirdPersonCharacterA64F1BCD4A44595171AFB9B2BDA63193.tmp' to '../../../../../../Users/K1735768/Downloads/git folder/GitProject/Content/ThirdPersonBP/Blueprints/ThirdPersonCharacter.uasset'
[2019.03.08-12.04.32:758][493]BlueprintLog: New page: Compile ThirdPersonCharacter
[2019.03.08-12.04.33:845][537]LogSavePackage: Moving '../../../../../../Users/K1735768/Downloads/git folder/GitProject/Saved/ThirdPersonCharacterD72977374126661474169DBD999BD326.tmp' to '../../../../../../Users/K1735768/Downloads/git folder/GitProject/Content/ThirdPersonBP/Blueprints/ThirdPersonCharacter.uasset'
[2019.03.08-12.04.44:481][562]LogAssetEditorManager: Opening Asset editor for LevelScriptBlueprint /Game/Level1.Level1:PersistentLevel.Level1
[2019.03.08-12.04.52:558][382]Cmd: OBJ SAVEPACKAGE PACKAGE="/Game/Level1" FILE="../../../../../../Users/K1735768/Downloads/git folder/GitProject/Content/Level1.umap" SILENT=true AUTOSAVING=false KEEPDIRTY=false
[2019.03.08-12.04.52:861][382]LogSavePackage: Moving '../../../../../../Users/K1735768/Downloads/git folder/GitProject/Saved/Level14E58768046E4FC1C1ECFB49495D0406C.tmp' to '../../../../../../Users/K1735768/Downloads/git folder/GitProject/Content/Level1.umap'
[2019.03.08-12.04.52:985][382]LogFileHelpers: Saving map 'Level1' took 0.986
[2019.03.08-12.04.59:274][ 56]LogAssetEditorManager: Opening Asset editor for WidgetBlueprint /Game/PlayerUI.PlayerUI
[2019.03.08-12.05.06:435][730]BlueprintLog: New page: Compile PlayerUI
[2019.03.08-12.05.06:957][775]Cmd: OBJ SAVEPACKAGE PACKAGE="/Game/PlayerUI" FILE="../../../../../../Users/K1735768/Downloads/git folder/GitProject/Content/PlayerUI.uasset" SILENT=true
[2019.03.08-12.05.07:025][775]LogSavePackage: Moving '../../../../../../Users/K1735768/Downloads/git folder/GitProject/Saved/PlayerUIAE5AC7C34B95DE7CCE3DDD85372FF75D.tmp' to '../../../../../../Users/K1735768/Downloads/git folder/GitProject/Content/PlayerUI.uasset'
[2019.03.08-12.05.08:564][944]LogTemp: Repeating last play command: Selected Viewport
[2019.03.08-12.05.08:595][944]LogBlueprintUserMessages: Early PlayInEditor Detection: Level '/Game/Level1.Level1:PersistentLevel' has LevelScriptBlueprint '/Game/Level1.Level1:PersistentLevel.Level1' with GeneratedClass '/Game/Level1.Level1_C' with ClassGeneratedBy '/Game/Level1.Level1:PersistentLevel.Level1'
[2019.03.08-12.05.08:595][944]LogPlayLevel: PlayLevel: No blueprints needed recompiling
[2019.03.08-12.05.08:595][944]PIE: New page: PIE session: Level1 (8 Mar 2019 12:05:08)
[2019.03.08-12.05.08:595][944]LogPlayLevel: Creating play world package: /Game/UEDPIE_0_Level1
[2019.03.08-12.05.08:605][944]LogPlayLevel: PIE: StaticDuplicateObject took: (0.009853s)
[2019.03.08-12.05.08:606][944]LogAIModule: Creating AISystem for world Level1
[2019.03.08-12.05.08:606][944]LogPlayLevel: PIE: World Init took: (0.000549s)
[2019.03.08-12.05.08:606][944]LogPlayLevel: PIE: Created PIE world by copying editor world from /Game/Level1.Level1 to /Game/UEDPIE_0_Level1.Level1 (0.010495s)
[2019.03.08-12.05.08:682][944]LogInit: XAudio2 using 'LEN LT2323pwA (NVIDIA High Definition Audio)' : 2 channels at 48 kHz using 16 bits per sample (channel mask 0x3)
[2019.03.08-12.05.08:696][944]LogInit: FAudioDevice initialized.
[2019.03.08-12.05.08:727][944]LogLoad: Game class is 'GameModeBase'
[2019.03.08-12.05.08:729][944]LogWorld: Bringing World /Game/UEDPIE_0_Level1.Level1 up for play (max tick rate 0) at 2019.03.08-12.05.08
[2019.03.08-12.05.08:729][944]LogWorld: Bringing up level for play took: 0.002140
[2019.03.08-12.05.08:742][944]PIE: Play in editor start time for /Game/UEDPIE_0_Level1 -0.593
[2019.03.08-12.05.08:742][944]LogBlueprintUserMessages: Late PlayInEditor Detection: Level '/Game/Level1.Level1:PersistentLevel' has LevelScriptBlueprint '/Game/Level1.Level1:PersistentLevel.Level1' with GeneratedClass '/Game/Level1.Level1_C' with ClassGeneratedBy '/Game/Level1.Level1:PersistentLevel.Level1'
[2019.03.08-12.05.28:255][282]LogBlueprintUserMessages: Early EndPlayMap Detection: Level '/Game/Level1.Level1:PersistentLevel' has LevelScriptBlueprint '/Game/Level1.Level1:PersistentLevel.Level1' with GeneratedClass '/Game/Level1.Level1_C' with ClassGeneratedBy '/Game/Level1.Level1:PersistentLevel.Level1'
[2019.03.08-12.05.28:255][282]LogSlate: Updating window title bar state: overlay mode, drag disabled, window buttons hidden, title bar hidden
[2019.03.08-12.05.28:291][282]LogPlayLevel: Display: Shutting down PIE online subsystems
[2019.03.08-12.05.28:291][282]LogBlueprintUserMessages: Late EndPlayMap Detection: Level '/Game/Level1.Level1:PersistentLevel' has LevelScriptBlueprint '/Game/Level1.Level1:PersistentLevel.Level1' with GeneratedClass '/Game/Level1.Level1_C' with ClassGeneratedBy '/Game/Level1.Level1:PersistentLevel.Level1'
[2019.03.08-12.05.28:316][282]LogSlate: Updating window title bar state: overlay mode, drag disabled, window buttons hidden, title bar hidden
[2019.03.08-12.05.28:358][286]LogPlayLevel: Display: Destroying online subsystem :Context_10
[2019.03.08-12.05.31:254][620]LogSlate: FSceneViewport::OnFocusLost() reason 0
[2019.03.08-12.05.36:879][289]BlueprintLog: New page: Compile PlayerUI
[2019.03.08-12.05.37:421][341]Cmd: OBJ SAVEPACKAGE PACKAGE="/Game/PlayerUI" FILE="../../../../../../Users/K1735768/Downloads/git folder/GitProject/Content/PlayerUI.uasset" SILENT=true
[2019.03.08-12.05.37:479][341]LogSavePackage: Moving '../../../../../../Users/K1735768/Downloads/git folder/GitProject/Saved/PlayerUIF8A5A3514C70558FCE762986A87E1046.tmp' to '../../../../../../Users/K1735768/Downloads/git folder/GitProject/Content/PlayerUI.uasset'
[2019.03.08-12.05.53:929][248]BlueprintLog: New page: Compile ThirdPersonCharacter
[2019.03.08-12.05.54:806][287]LogSavePackage: Moving '../../../../../../Users/K1735768/Downloads/git folder/GitProject/Saved/ThirdPersonCharacterFAB0F5A14D53D7D7DDC90FADA3B5E33A.tmp' to '../../../../../../Users/K1735768/Downloads/git folder/GitProject/Content/ThirdPersonBP/Blueprints/ThirdPersonCharacter.uasset'
[2019.03.08-12.05.56:492][417]Cmd: OBJ SAVEPACKAGE PACKAGE="/Game/Level1" FILE="../../../../../../Users/K1735768/Downloads/git folder/GitProject/Content/Level1.umap" SILENT=true AUTOSAVING=false KEEPDIRTY=false
[2019.03.08-12.05.56:791][417]LogSavePackage: Moving '../../../../../../Users/K1735768/Downloads/git folder/GitProject/Saved/Level1D48BAAB248D390061EE7A1B476B2D2FF.tmp' to '../../../../../../Users/K1735768/Downloads/git folder/GitProject/Content/Level1.umap'
[2019.03.08-12.05.56:859][417]LogFileHelpers: Saving map 'Level1' took 0.921
[2019.03.08-12.06.00:450][833]LogTemp: Repeating last play command: Selected Viewport
[2019.03.08-12.06.00:479][833]LogBlueprintUserMessages: Early PlayInEditor Detection: Level '/Game/Level1.Level1:PersistentLevel' has LevelScriptBlueprint '/Game/Level1.Level1:PersistentLevel.Level1' with GeneratedClass '/Game/Level1.Level1_C' with ClassGeneratedBy '/Game/Level1.Level1:PersistentLevel.Level1'
[2019.03.08-12.06.00:480][833]LogPlayLevel: PlayLevel: No blueprints needed recompiling
[2019.03.08-12.06.00:480][833]PIE: New page: PIE session: Level1 (8 Mar 2019 12:06:00)
[2019.03.08-12.06.00:480][833]LogPlayLevel: Creating play world package: /Game/UEDPIE_0_Level1
[2019.03.08-12.06.00:490][833]LogPlayLevel: PIE: StaticDuplicateObject took: (0.009925s)
[2019.03.08-12.06.00:490][833]LogAIModule: Creating AISystem for world Level1
[2019.03.08-12.06.00:490][833]LogPlayLevel: PIE: World Init took: (0.000502s)
[2019.03.08-12.06.00:490][833]LogPlayLevel: PIE: Created PIE world by copying editor world from /Game/Level1.Level1 to /Game/UEDPIE_0_Level1.Level1 (0.010521s)
[2019.03.08-12.06.00:539][833]LogInit: XAudio2 using 'LEN LT2323pwA (NVIDIA High Definition Audio)' : 2 channels at 48 kHz using 16 bits per sample (channel mask 0x3)
[2019.03.08-12.06.00:554][833]LogInit: FAudioDevice initialized.
[2019.03.08-12.06.00:587][833]LogLoad: Game class is 'GameModeBase'
[2019.03.08-12.06.00:589][833]LogWorld: Bringing World /Game/UEDPIE_0_Level1.Level1 up for play (max tick rate 0) at 2019.03.08-12.06.00
[2019.03.08-12.06.00:589][833]LogWorld: Bringing up level for play took: 0.002024
[2019.03.08-12.06.00:602][833]PIE: Play in editor start time for /Game/UEDPIE_0_Level1 -0.733
[2019.03.08-12.06.00:602][833]LogBlueprintUserMessages: Late PlayInEditor Detection: Level '/Game/Level1.Level1:PersistentLevel' has LevelScriptBlueprint '/Game/Level1.Level1:PersistentLevel.Level1' with GeneratedClass '/Game/Level1.Level1_C' with ClassGeneratedBy '/Game/Level1.Level1:PersistentLevel.Level1'
[2019.03.08-12.06.44:669][120]LogBlueprintUserMessages: Early EndPlayMap Detection: Level '/Game/Level1.Level1:PersistentLevel' has LevelScriptBlueprint '/Game/Level1.Level1:PersistentLevel.Level1' with GeneratedClass '/Game/Level1.Level1_C' with ClassGeneratedBy '/Game/Level1.Level1:PersistentLevel.Level1'
[2019.03.08-12.06.44:669][120]LogSlate: Updating window title bar state: overlay mode, drag disabled, window buttons hidden, title bar hidden
[2019.03.08-12.06.44:705][120]LogPlayLevel: Display: Shutting down PIE online subsystems
[2019.03.08-12.06.44:705][120]LogBlueprintUserMessages: Late EndPlayMap Detection: Level '/Game/Level1.Level1:PersistentLevel' has LevelScriptBlueprint '/Game/Level1.Level1:PersistentLevel.Level1' with GeneratedClass '/Game/Level1.Level1_C' with ClassGeneratedBy '/Game/Level1.Level1:PersistentLevel.Level1'
[2019.03.08-12.06.44:732][120]LogSlate: Updating window title bar state: overlay mode, drag disabled, window buttons hidden, title bar hidden
[2019.03.08-12.06.44:771][124]LogPlayLevel: Display: Destroying online subsystem :Context_11
[2019.03.08-12.07.08:390][457]LogSlate: FSceneViewport::OnFocusLost() reason 2
[2019.03.08-12.07.10:495][693]Cmd: OBJ SAVEPACKAGE PACKAGE="/Game/Level1" FILE="../../../../../../Users/K1735768/Downloads/git folder/GitProject/Content/Level1.umap" SILENT=true AUTOSAVING=false KEEPDIRTY=false
[2019.03.08-12.07.10:788][693]LogSavePackage: Moving '../../../../../../Users/K1735768/Downloads/git folder/GitProject/Saved/Level1BEC92F3D42FA243479D094A175B483B1.tmp' to '../../../../../../Users/K1735768/Downloads/git folder/GitProject/Content/Level1.umap'
[2019.03.08-12.07.16:872][403]LogSlate: FSceneViewport::OnFocusLost() reason 0
[2019.03.08-12.07.16:971][413]LogActorFactory: Actor Factory created Cone
[2019.03.08-12.07.17:327][455]LogActorFactory: Actor Factory created Cone
[2019.03.08-12.07.27:432][651]LogSlate: FSceneViewport::OnFocusLost() reason 0
[2019.03.08-12.07.53:059][681]LogSlate: Window 'Select Path' being destroyed
[2019.03.08-12.07.53:136][681]LogAssetEditorManager: Opening Asset editor for Blueprint /Game/Bonfire.Bonfire
[2019.03.08-12.07.56:203][  0]BlueprintLog: New page: Compile Bonfire
[2019.03.08-12.07.56:748][ 38]Cmd: OBJ SAVEPACKAGE PACKAGE="/Game/Bonfire" FILE="../../../../../../Users/K1735768/Downloads/git folder/GitProject/Content/Bonfire.uasset" SILENT=true
[2019.03.08-12.07.56:786][ 38]LogSavePackage: Moving '../../../../../../Users/K1735768/Downloads/git folder/GitProject/Saved/Bonfire10A97D6F4170223E310FD7A715F2235B.tmp' to '../../../../../../Users/K1735768/Downloads/git folder/GitProject/Content/Bonfire.uasset'
[2019.03.08-12.08.05:755][ 97]LogSlate: FSceneViewport::OnFocusLost() reason 2
[2019.03.08-12.08.08:664][443]LogSlate: FSceneViewport::OnFocusLost() reason 0
[2019.03.08-12.08.10:771][694]Cmd: OBJ SAVEPACKAGE PACKAGE="/Game/Level1" FILE="../../../../../../Users/K1735768/Downloads/git folder/GitProject/Content/Level1.umap" SILENT=true AUTOSAVING=false KEEPDIRTY=false
[2019.03.08-12.08.11:067][694]LogSavePackage: Moving '../../../../../../Users/K1735768/Downloads/git folder/GitProject/Saved/Level138EBDCCC4AB1615786F28691323F8029.tmp' to '../../../../../../Users/K1735768/Downloads/git folder/GitProject/Content/Level1.umap'
[2019.03.08-12.08.22:967][ 98]LogSlate: FSceneViewport::OnFocusLost() reason 2
[2019.03.08-12.09.03:155][790]BlueprintLog: New page: Compile Bonfire
[2019.03.08-12.09.03:817][843]Cmd: OBJ SAVEPACKAGE PACKAGE="/Game/Bonfire" FILE="../../../../../../Users/K1735768/Downloads/git folder/GitProject/Content/Bonfire.uasset" SILENT=true
[2019.03.08-12.09.03:888][843]LogSavePackage: Moving '../../../../../../Users/K1735768/Downloads/git folder/GitProject/Saved/Bonfire03181E4646750C820F53ECB92A2C03D9.tmp' to '../../../../../../Users/K1735768/Downloads/git folder/GitProject/Content/Bonfire.uasset'
[2019.03.08-12.09.04:404][899]LogSlate: FSceneViewport::OnFocusLost() reason 0
[2019.03.08-12.09.04:494][908]Cmd: OBJ SAVEPACKAGE PACKAGE="/Game/Bonfire" FILE="../../../../../../Users/K1735768/Downloads/git folder/GitProject/Content/Bonfire.uasset" SILENT=true
[2019.03.08-12.09.04:546][908]LogSavePackage: Moving '../../../../../../Users/K1735768/Downloads/git folder/GitProject/Saved/Bonfire13A4DA5349752B03A82B6FAC6550D850.tmp' to '../../../../../../Users/K1735768/Downloads/git folder/GitProject/Content/Bonfire.uasset'
[2019.03.08-12.09.04:882][945]LogSlate: FSceneViewport::OnFocusLost() reason 2
[2019.03.08-12.09.04:887][945]Cmd: OBJ SAVEPACKAGE PACKAGE="/Game/Bonfire" FILE="../../../../../../Users/K1735768/Downloads/git folder/GitProject/Content/Bonfire.uasset" SILENT=true
[2019.03.08-12.09.04:936][945]LogSavePackage: Moving '../../../../../../Users/K1735768/Downloads/git folder/GitProject/Saved/Bonfire8CFA2BBA4438D80628FD04976114FF37.tmp' to '../../../../../../Users/K1735768/Downloads/git folder/GitProject/Content/Bonfire.uasset'
[2019.03.08-12.09.10:987][664]LogSlate: FSceneViewport::OnFocusLost() reason 0
[2019.03.08-12.09.11:067][672]Cmd: OBJ SAVEPACKAGE PACKAGE="/Game/Bonfire" FILE="../../../../../../Users/K1735768/Downloads/git folder/GitProject/Content/Bonfire.uasset" SILENT=true
[2019.03.08-12.09.11:117][672]LogSavePackage: Moving '../../../../../../Users/K1735768/Downloads/git folder/GitProject/Saved/Bonfire2A00B5604D9481124A3F27B7ED121B22.tmp' to '../../../../../../Users/K1735768/Downloads/git folder/GitProject/Content/Bonfire.uasset'
[2019.03.08-12.09.13:770][982]LogSlate: FSceneViewport::OnFocusLost() reason 0
[2019.03.08-12.09.14:870][ 41]Cmd: OBJ SAVEPACKAGE PACKAGE="/Game/Level1" FILE="../../../../../../Users/K1735768/Downloads/git folder/GitProject/Content/Level1.umap" SILENT=true AUTOSAVING=false KEEPDIRTY=false
[2019.03.08-12.09.15:170][ 41]LogSavePackage: Moving '../../../../../../Users/K1735768/Downloads/git folder/GitProject/Saved/Level10E9172E149E3DBC17AE4C4A4CE86541B.tmp' to '../../../../../../Users/K1735768/Downloads/git folder/GitProject/Content/Level1.umap'
[2019.03.08-12.09.15:291][ 41]LogFileHelpers: Saving map 'Level1' took 0.995
[2019.03.08-12.09.15:811][ 99]LogSlate: FSceneViewport::OnFocusLost() reason 0
[2019.03.08-12.09.22:036][838]LogSlate: FSceneViewport::OnFocusLost() reason 0
[2019.03.08-12.09.22:124][847]LogActorFactory: Actor Factory created Cube
[2019.03.08-12.09.22:499][891]LogActorFactory: Actor Factory created Cube
[2019.03.08-12.09.25:060][192]LogSlate: FSceneViewport::OnFocusLost() reason 0
[2019.03.08-12.09.35:291][417]LogSlate: Window 'Select Path' being destroyed
[2019.03.08-12.09.35:361][417]LogSlate: FSceneViewport::OnFocusLost() reason 2
[2019.03.08-12.09.35:363][417]LogAssetEditorManager: Opening Asset editor for Blueprint /Game/Lava.Lava
[2019.03.08-12.09.40:103][911]LogSlate: FSceneViewport::OnFocusLost() reason 2
[2019.03.08-12.09.43:020][197]LogMaterial: Display: Missing cached shader map for material red, compiling. 
[2019.03.08-12.09.43:093][198]LogShaderCompilers: Display: Shaders left to compile 31
[2019.03.08-12.09.43:093][198]LogShaderCompilers: Display: Shaders left to compile 21
[2019.03.08-12.09.43:093][198]LogShaderCompilers: Display: Shaders left to compile 11
[2019.03.08-12.09.43:093][198]LogShaderCompilers: Display: Shaders left to compile 1
[2019.03.08-12.09.44:403][321]LogSlate: FSceneViewport::OnFocusLost() reason 2
[2019.03.08-12.09.46:317][440]LogSlate: FSceneViewport::OnFocusLost() reason 2
[2019.03.08-12.09.53:295][145]LogSlate: FSceneViewport::OnFocusLost() reason 2
[2019.03.08-12.09.55:369][330]LogSlate: FSceneViewport::OnFocusLost() reason 2
[2019.03.08-12.10.00:853][330]LogSlate: Window 'Save Asset As' being destroyed
[2019.03.08-12.10.00:856][330]LogSlate: FSceneViewport::OnFocusLost() reason 3
[2019.03.08-12.10.05:720][886]LogSlate: FSceneViewport::OnFocusLost() reason 0
[2019.03.08-12.10.07:953][152]LogSlate: FSceneViewport::OnFocusLost() reason 0
[2019.03.08-12.10.15:196][992]LogSlate: FSceneViewport::OnFocusLost() reason 0
[2019.03.08-12.10.19:221][463]LogSlate: FSceneViewport::OnFocusLost() reason 2
[2019.03.08-12.10.20:968][671]LogSlate: FSceneViewport::OnFocusLost() reason 0
[2019.03.08-12.10.22:744][882]Cmd: OBJ SAVEPACKAGE PACKAGE="/Game/Level1" FILE="../../../../../../Users/K1735768/Downloads/git folder/GitProject/Content/Level1.umap" SILENT=true AUTOSAVING=false KEEPDIRTY=false
[2019.03.08-12.10.23:063][882]LogSavePackage: Moving '../../../../../../Users/K1735768/Downloads/git folder/GitProject/Saved/Level15B7841434E966B4332AD67971A7E31A8.tmp' to '../../../../../../Users/K1735768/Downloads/git folder/GitProject/Content/Level1.umap'
[2019.03.08-12.10.25:721][183]LogSlate: FSceneViewport::OnFocusLost() reason 0
[2019.03.08-12.11.43:926][277]BlueprintLog: New page: Compile Lava
[2019.03.08-12.11.44:547][317]Cmd: OBJ SAVEPACKAGE PACKAGE="/Game/Lava" FILE="../../../../../../Users/K1735768/Downloads/git folder/GitProject/Content/Lava.uasset" SILENT=true
[2019.03.08-12.11.44:597][317]LogSavePackage: Moving '../../../../../../Users/K1735768/Downloads/git folder/GitProject/Saved/Lava383EC9D74073313852F671A2F70C58EB.tmp' to '../../../../../../Users/K1735768/Downloads/git folder/GitProject/Content/Lava.uasset'
[2019.03.08-12.11.45:314][397]LogSlate: FSceneViewport::OnFocusLost() reason 0
[2019.03.08-12.11.46:486][537]LogSlate: FSceneViewport::OnFocusLost() reason 0
[2019.03.08-12.11.46:928][590]LogTemp: Repeating last play command: Selected Viewport
[2019.03.08-12.11.46:951][590]LogBlueprintUserMessages: Early PlayInEditor Detection: Level '/Game/Level1.Level1:PersistentLevel' has LevelScriptBlueprint '/Game/Level1.Level1:PersistentLevel.Level1' with GeneratedClass '/Game/Level1.Level1_C' with ClassGeneratedBy '/Game/Level1.Level1:PersistentLevel.Level1'
[2019.03.08-12.11.46:951][590]LogPlayLevel: PlayLevel: No blueprints needed recompiling
[2019.03.08-12.11.46:951][590]PIE: New page: PIE session: Level1 (8 Mar 2019 12:11:46)
[2019.03.08-12.11.46:951][590]LogPlayLevel: Creating play world package: /Game/UEDPIE_0_Level1
[2019.03.08-12.11.46:960][590]LogPlayLevel: PIE: StaticDuplicateObject took: (0.009560s)
[2019.03.08-12.11.46:961][590]LogAIModule: Creating AISystem for world Level1
[2019.03.08-12.11.46:961][590]LogPlayLevel: PIE: World Init took: (0.000540s)
[2019.03.08-12.11.46:961][590]LogPlayLevel: PIE: Created PIE world by copying editor world from /Game/Level1.Level1 to /Game/UEDPIE_0_Level1.Level1 (0.010197s)
[2019.03.08-12.11.47:014][590]LogInit: XAudio2 using 'LEN LT2323pwA (NVIDIA High Definition Audio)' : 2 channels at 48 kHz using 16 bits per sample (channel mask 0x3)
[2019.03.08-12.11.47:029][590]LogInit: FAudioDevice initialized.
[2019.03.08-12.11.47:058][590]LogLoad: Game class is 'GameModeBase'
[2019.03.08-12.11.47:061][590]LogWorld: Bringing World /Game/UEDPIE_0_Level1.Level1 up for play (max tick rate 0) at 2019.03.08-12.11.47
[2019.03.08-12.11.47:062][590]LogWorld: Bringing up level for play took: 0.002193
[2019.03.08-12.11.47:075][590]PIE: Play in editor start time for /Game/UEDPIE_0_Level1 -0.26
[2019.03.08-12.11.47:075][590]LogBlueprintUserMessages: Late PlayInEditor Detection: Level '/Game/Level1.Level1:PersistentLevel' has LevelScriptBlueprint '/Game/Level1.Level1:PersistentLevel.Level1' with GeneratedClass '/Game/Level1.Level1_C' with ClassGeneratedBy '/Game/Level1.Level1:PersistentLevel.Level1'
[2019.03.08-12.12.13:663][777]LogBlueprintUserMessages: Early EndPlayMap Detection: Level '/Game/Level1.Level1:PersistentLevel' has LevelScriptBlueprint '/Game/Level1.Level1:PersistentLevel.Level1' with GeneratedClass '/Game/Level1.Level1_C' with ClassGeneratedBy '/Game/Level1.Level1:PersistentLevel.Level1'
[2019.03.08-12.12.13:663][777]LogSlate: Updating window title bar state: overlay mode, drag disabled, window buttons hidden, title bar hidden
[2019.03.08-12.12.13:699][777]LogPlayLevel: Display: Shutting down PIE online subsystems
[2019.03.08-12.12.13:699][777]LogBlueprintUserMessages: Late EndPlayMap Detection: Level '/Game/Level1.Level1:PersistentLevel' has LevelScriptBlueprint '/Game/Level1.Level1:PersistentLevel.Level1' with GeneratedClass '/Game/Level1.Level1_C' with ClassGeneratedBy '/Game/Level1.Level1:PersistentLevel.Level1'
[2019.03.08-12.12.13:727][777]LogSlate: Updating window title bar state: overlay mode, drag disabled, window buttons hidden, title bar hidden
[2019.03.08-12.12.13:767][781]LogPlayLevel: Display: Destroying online subsystem :Context_17
[2019.03.08-12.12.15:137][934]LogSlate: FSceneViewport::OnFocusLost() reason 0
[2019.03.08-12.12.22:788][ 63]LogEditorViewport: Clicking on Actor (LMB): Lava_C (Lava)
[2019.03.08-12.12.24:000][204]LogSlate: FSceneViewport::OnFocusLost() reason 0
[2019.03.08-12.15.14:277][538]BlueprintLog: New page: Compile Lava
[2019.03.08-12.15.20:241][217]LogEditorTransaction: Undo Delete current selection
[2019.03.08-12.15.21:116][312]LogEditorTransaction: Undo Delete current selection
[2019.03.08-12.15.29:909][341]BlueprintLog: New page: Compile Lava
[2019.03.08-12.15.30:393][374]Cmd: OBJ SAVEPACKAGE PACKAGE="/Game/Lava" FILE="../../../../../../Users/K1735768/Downloads/git folder/GitProject/Content/Lava.uasset" SILENT=true
[2019.03.08-12.15.30:467][374]LogSavePackage: Moving '../../../../../../Users/K1735768/Downloads/git folder/GitProject/Saved/LavaF4DE5D7740F7FF537E68ABBFBC5AA541.tmp' to '../../../../../../Users/K1735768/Downloads/git folder/GitProject/Content/Lava.uasset'
[2019.03.08-12.15.31:237][458]LogSlate: FSceneViewport::OnFocusLost() reason 0
[2019.03.08-12.15.31:872][534]LogSlate: FSceneViewport::OnFocusLost() reason 0
[2019.03.08-12.15.31:946][543]LogTemp: Repeating last play command: Selected Viewport
[2019.03.08-12.15.31:969][543]LogBlueprintUserMessages: Early PlayInEditor Detection: Level '/Game/Level1.Level1:PersistentLevel' has LevelScriptBlueprint '/Game/Level1.Level1:PersistentLevel.Level1' with GeneratedClass '/Game/Level1.Level1_C' with ClassGeneratedBy '/Game/Level1.Level1:PersistentLevel.Level1'
[2019.03.08-12.15.31:969][543]LogPlayLevel: PlayLevel: No blueprints needed recompiling
[2019.03.08-12.15.31:970][543]PIE: New page: PIE session: Level1 (8 Mar 2019 12:15:31)
[2019.03.08-12.15.31:970][543]LogPlayLevel: Creating play world package: /Game/UEDPIE_0_Level1
[2019.03.08-12.15.31:980][543]LogPlayLevel: PIE: StaticDuplicateObject took: (0.009842s)
[2019.03.08-12.15.31:980][543]LogAIModule: Creating AISystem for world Level1
[2019.03.08-12.15.31:980][543]LogPlayLevel: PIE: World Init took: (0.000563s)
[2019.03.08-12.15.31:980][543]LogPlayLevel: PIE: Created PIE world by copying editor world from /Game/Level1.Level1 to /Game/UEDPIE_0_Level1.Level1 (0.010502s)
[2019.03.08-12.15.32:030][543]LogInit: XAudio2 using 'LEN LT2323pwA (NVIDIA High Definition Audio)' : 2 channels at 48 kHz using 16 bits per sample (channel mask 0x3)
[2019.03.08-12.15.32:046][543]LogInit: FAudioDevice initialized.
[2019.03.08-12.15.32:073][543]LogLoad: Game class is 'GameModeBase'
[2019.03.08-12.15.32:076][543]LogWorld: Bringing World /Game/UEDPIE_0_Level1.Level1 up for play (max tick rate 0) at 2019.03.08-12.15.32
[2019.03.08-12.15.32:076][543]LogWorld: Bringing up level for play took: 0.002225
[2019.03.08-12.15.32:089][543]PIE: Play in editor start time for /Game/UEDPIE_0_Level1 0.754
[2019.03.08-12.15.32:090][543]LogBlueprintUserMessages: Late PlayInEditor Detection: Level '/Game/Level1.Level1:PersistentLevel' has LevelScriptBlueprint '/Game/Level1.Level1:PersistentLevel.Level1' with GeneratedClass '/Game/Level1.Level1_C' with ClassGeneratedBy '/Game/Level1.Level1:PersistentLevel.Level1'
[2019.03.08-12.15.35:519][954]LogBlueprintUserMessages: Early EndPlayMap Detection: Level '/Game/Level1.Level1:PersistentLevel' has LevelScriptBlueprint '/Game/Level1.Level1:PersistentLevel.Level1' with GeneratedClass '/Game/Level1.Level1_C' with ClassGeneratedBy '/Game/Level1.Level1:PersistentLevel.Level1'
[2019.03.08-12.15.35:519][954]LogSlate: Updating window title bar state: overlay mode, drag disabled, window buttons hidden, title bar hidden
[2019.03.08-12.15.35:555][954]LogPlayLevel: Display: Shutting down PIE online subsystems
[2019.03.08-12.15.35:555][954]LogBlueprintUserMessages: Late EndPlayMap Detection: Level '/Game/Level1.Level1:PersistentLevel' has LevelScriptBlueprint '/Game/Level1.Level1:PersistentLevel.Level1' with GeneratedClass '/Game/Level1.Level1_C' with ClassGeneratedBy '/Game/Level1.Level1:PersistentLevel.Level1'
[2019.03.08-12.15.35:582][954]LogSlate: Updating window title bar state: overlay mode, drag disabled, window buttons hidden, title bar hidden
[2019.03.08-12.15.35:625][958]LogPlayLevel: Display: Destroying online subsystem :Context_18
[2019.03.08-12.15.36:860][105]LogSlate: FSceneViewport::OnFocusLost() reason 0
[2019.03.08-12.15.43:819][815]BlueprintLog: New page: Compile Lava
[2019.03.08-12.15.44:250][848]Cmd: OBJ SAVEPACKAGE PACKAGE="/Game/Lava" FILE="../../../../../../Users/K1735768/Downloads/git folder/GitProject/Content/Lava.uasset" SILENT=true
[2019.03.08-12.15.44:313][848]LogSavePackage: Moving '../../../../../../Users/K1735768/Downloads/git folder/GitProject/Saved/Lava7FDFF4A24B1FF6A0E60F4F9190EE8F67.tmp' to '../../../../../../Users/K1735768/Downloads/git folder/GitProject/Content/Lava.uasset'
[2019.03.08-12.15.45:100][938]LogSlate: FSceneViewport::OnFocusLost() reason 0
[2019.03.08-12.15.45:650][  4]LogSlate: FSceneViewport::OnFocusLost() reason 0
[2019.03.08-12.15.45:717][ 12]LogTemp: Repeating last play command: Selected Viewport
[2019.03.08-12.15.45:742][ 12]LogBlueprintUserMessages: Early PlayInEditor Detection: Level '/Game/Level1.Level1:PersistentLevel' has LevelScriptBlueprint '/Game/Level1.Level1:PersistentLevel.Level1' with GeneratedClass '/Game/Level1.Level1_C' with ClassGeneratedBy '/Game/Level1.Level1:PersistentLevel.Level1'
[2019.03.08-12.15.45:742][ 12]LogPlayLevel: PlayLevel: No blueprints needed recompiling
[2019.03.08-12.15.45:742][ 12]PIE: New page: PIE session: Level1 (8 Mar 2019 12:15:45)
[2019.03.08-12.15.45:742][ 12]LogPlayLevel: Creating play world package: /Game/UEDPIE_0_Level1
[2019.03.08-12.15.45:752][ 12]LogPlayLevel: PIE: StaticDuplicateObject took: (0.009890s)
[2019.03.08-12.15.45:752][ 12]LogAIModule: Creating AISystem for world Level1
[2019.03.08-12.15.45:752][ 12]LogPlayLevel: PIE: World Init took: (0.000511s)
[2019.03.08-12.15.45:752][ 12]LogPlayLevel: PIE: Created PIE world by copying editor world from /Game/Level1.Level1 to /Game/UEDPIE_0_Level1.Level1 (0.010494s)
[2019.03.08-12.15.45:803][ 12]LogInit: XAudio2 using 'LEN LT2323pwA (NVIDIA High Definition Audio)' : 2 channels at 48 kHz using 16 bits per sample (channel mask 0x3)
[2019.03.08-12.15.45:817][ 12]LogInit: FAudioDevice initialized.
[2019.03.08-12.15.45:844][ 12]LogLoad: Game class is 'GameModeBase'
[2019.03.08-12.15.45:846][ 12]LogWorld: Bringing World /Game/UEDPIE_0_Level1.Level1 up for play (max tick rate 0) at 2019.03.08-12.15.45
[2019.03.08-12.15.45:846][ 12]LogWorld: Bringing up level for play took: 0.002128
[2019.03.08-12.15.45:859][ 12]PIE: Play in editor start time for /Game/UEDPIE_0_Level1 0.523
[2019.03.08-12.15.45:859][ 12]LogBlueprintUserMessages: Late PlayInEditor Detection: Level '/Game/Level1.Level1:PersistentLevel' has LevelScriptBlueprint '/Game/Level1.Level1:PersistentLevel.Level1' with GeneratedClass '/Game/Level1.Level1_C' with ClassGeneratedBy '/Game/Level1.Level1:PersistentLevel.Level1'
[2019.03.08-12.16.36:802][121]LogBlueprintUserMessages: Early EndPlayMap Detection: Level '/Game/Level1.Level1:PersistentLevel' has LevelScriptBlueprint '/Game/Level1.Level1:PersistentLevel.Level1' with GeneratedClass '/Game/Level1.Level1_C' with ClassGeneratedBy '/Game/Level1.Level1:PersistentLevel.Level1'
[2019.03.08-12.16.36:802][121]LogSlate: Updating window title bar state: overlay mode, drag disabled, window buttons hidden, title bar hidden
[2019.03.08-12.16.36:840][121]LogPlayLevel: Display: Shutting down PIE online subsystems
[2019.03.08-12.16.36:840][121]LogBlueprintUserMessages: Late EndPlayMap Detection: Level '/Game/Level1.Level1:PersistentLevel' has LevelScriptBlueprint '/Game/Level1.Level1:PersistentLevel.Level1' with GeneratedClass '/Game/Level1.Level1_C' with ClassGeneratedBy '/Game/Level1.Level1:PersistentLevel.Level1'
[2019.03.08-12.16.36:865][121]LogSlate: Updating window title bar state: overlay mode, drag disabled, window buttons hidden, title bar hidden
[2019.03.08-12.16.36:906][125]LogPlayLevel: Display: Destroying online subsystem :Context_19
[2019.03.08-12.16.37:792][230]LogEditorViewport: Clicking on Actor (LMB): Bonfire_C (Bonfire)
[2019.03.08-12.16.38:796][346]LogSlate: FSceneViewport::OnFocusLost() reason 0
[2019.03.08-12.17.17:352][877]BlueprintLog: New page: Compile Bonfire
[2019.03.08-12.17.17:931][922]Cmd: OBJ SAVEPACKAGE PACKAGE="/Game/Bonfire" FILE="../../../../../../Users/K1735768/Downloads/git folder/GitProject/Content/Bonfire.uasset" SILENT=true
[2019.03.08-12.17.18:003][922]LogSavePackage: Moving '../../../../../../Users/K1735768/Downloads/git folder/GitProject/Saved/Bonfire262428AE4812EC6AE7C3569374389F86.tmp' to '../../../../../../Users/K1735768/Downloads/git folder/GitProject/Content/Bonfire.uasset'
[2019.03.08-12.17.18:344][956]LogSlate: FSceneViewport::OnFocusLost() reason 0
[2019.03.08-12.17.19:460][ 12]Cmd: OBJ SAVEPACKAGE PACKAGE="/Game/Level1" FILE="../../../../../../Users/K1735768/Downloads/git folder/GitProject/Content/Level1.umap" SILENT=true AUTOSAVING=false KEEPDIRTY=false
[2019.03.08-12.17.19:785][ 12]LogSavePackage: Moving '../../../../../../Users/K1735768/Downloads/git folder/GitProject/Saved/Level19E3695D8470E143FA9128AB6BBF8E311.tmp' to '../../../../../../Users/K1735768/Downloads/git folder/GitProject/Content/Level1.umap'
[2019.03.08-12.17.19:910][ 12]LogFileHelpers: Saving map 'Level1' took 1.065
[2019.03.08-12.17.19:914][ 12]LogSlate: FSceneViewport::OnFocusLost() reason 0
[2019.03.08-12.17.21:756][224]LogSlate: FSceneViewport::OnFocusLost() reason 0
[2019.03.08-12.17.21:839][234]LogTemp: Repeating last play command: Selected Viewport
[2019.03.08-12.17.21:864][234]LogBlueprintUserMessages: Early PlayInEditor Detection: Level '/Game/Level1.Level1:PersistentLevel' has LevelScriptBlueprint '/Game/Level1.Level1:PersistentLevel.Level1' with GeneratedClass '/Game/Level1.Level1_C' with ClassGeneratedBy '/Game/Level1.Level1:PersistentLevel.Level1'
[2019.03.08-12.17.21:864][234]LogPlayLevel: PlayLevel: No blueprints needed recompiling
[2019.03.08-12.17.21:864][234]PIE: New page: PIE session: Level1 (8 Mar 2019 12:17:21)
[2019.03.08-12.17.21:864][234]LogPlayLevel: Creating play world package: /Game/UEDPIE_0_Level1
[2019.03.08-12.17.21:874][234]LogPlayLevel: PIE: StaticDuplicateObject took: (0.009887s)
[2019.03.08-12.17.21:875][234]LogAIModule: Creating AISystem for world Level1
[2019.03.08-12.17.21:875][234]LogPlayLevel: PIE: World Init took: (0.000532s)
[2019.03.08-12.17.21:875][234]LogPlayLevel: PIE: Created PIE world by copying editor world from /Game/Level1.Level1 to /Game/UEDPIE_0_Level1.Level1 (0.010512s)
[2019.03.08-12.17.21:929][234]LogInit: XAudio2 using 'LEN LT2323pwA (NVIDIA High Definition Audio)' : 2 channels at 48 kHz using 16 bits per sample (channel mask 0x3)
[2019.03.08-12.17.21:943][234]LogInit: FAudioDevice initialized.
[2019.03.08-12.17.21:973][234]LogLoad: Game class is 'GameModeBase'
[2019.03.08-12.17.21:976][234]LogWorld: Bringing World /Game/UEDPIE_0_Level1.Level1 up for play (max tick rate 0) at 2019.03.08-12.17.21
[2019.03.08-12.17.21:976][234]LogWorld: Bringing up level for play took: 0.002129
[2019.03.08-12.17.21:989][234]PIE: Play in editor start time for /Game/UEDPIE_0_Level1 0.652
[2019.03.08-12.17.21:989][234]LogBlueprintUserMessages: Late PlayInEditor Detection: Level '/Game/Level1.Level1:PersistentLevel' has LevelScriptBlueprint '/Game/Level1.Level1:PersistentLevel.Level1' with GeneratedClass '/Game/Level1.Level1_C' with ClassGeneratedBy '/Game/Level1.Level1:PersistentLevel.Level1'
[2019.03.08-12.17.35:737][883]LogBlueprintUserMessages: Early EndPlayMap Detection: Level '/Game/Level1.Level1:PersistentLevel' has LevelScriptBlueprint '/Game/Level1.Level1:PersistentLevel.Level1' with GeneratedClass '/Game/Level1.Level1_C' with ClassGeneratedBy '/Game/Level1.Level1:PersistentLevel.Level1'
[2019.03.08-12.17.35:737][883]LogSlate: Updating window title bar state: overlay mode, drag disabled, window buttons hidden, title bar hidden
[2019.03.08-12.17.35:774][883]LogPlayLevel: Display: Shutting down PIE online subsystems
[2019.03.08-12.17.35:774][883]LogBlueprintUserMessages: Late EndPlayMap Detection: Level '/Game/Level1.Level1:PersistentLevel' has LevelScriptBlueprint '/Game/Level1.Level1:PersistentLevel.Level1' with GeneratedClass '/Game/Level1.Level1_C' with ClassGeneratedBy '/Game/Level1.Level1:PersistentLevel.Level1'
[2019.03.08-12.17.35:804][883]LogSlate: Updating window title bar state: overlay mode, drag disabled, window buttons hidden, title bar hidden
[2019.03.08-12.17.35:837][886]LogPlayLevel: Display: Destroying online subsystem :Context_20
[2019.03.08-12.17.39:292][136]LogSlate: FSceneViewport::OnFocusLost() reason 0
[2019.03.08-12.18.15:684][437]BlueprintLog: New page: Compile Bonfire
[2019.03.08-12.18.16:326][496]Cmd: OBJ SAVEPACKAGE PACKAGE="/Game/Bonfire" FILE="../../../../../../Users/K1735768/Downloads/git folder/GitProject/Content/Bonfire.uasset" SILENT=true
[2019.03.08-12.18.16:385][496]LogSavePackage: Moving '../../../../../../Users/K1735768/Downloads/git folder/GitProject/Saved/BonfireD42E63144A7548D4B1095FA54E3C4709.tmp' to '../../../../../../Users/K1735768/Downloads/git folder/GitProject/Content/Bonfire.uasset'
[2019.03.08-12.18.16:942][558]LogSlate: FSceneViewport::OnFocusLost() reason 0
[2019.03.08-12.18.17:937][608]Cmd: OBJ SAVEPACKAGE PACKAGE="/Game/Level1" FILE="../../../../../../Users/K1735768/Downloads/git folder/GitProject/Content/Level1.umap" SILENT=true AUTOSAVING=false KEEPDIRTY=false
[2019.03.08-12.18.18:237][608]LogSavePackage: Moving '../../../../../../Users/K1735768/Downloads/git folder/GitProject/Saved/Level1740C7A8548B649D3EA0A2D9B028DB3FC.tmp' to '../../../../../../Users/K1735768/Downloads/git folder/GitProject/Content/Level1.umap'
[2019.03.08-12.18.18:308][608]LogFileHelpers: Saving map 'Level1' took 0.937
[2019.03.08-12.18.18:737][652]LogSlate: FSceneViewport::OnFocusLost() reason 0
[2019.03.08-12.18.19:380][728]LogSlate: FSceneViewport::OnFocusLost() reason 2
[2019.03.08-12.18.19:868][787]LogTemp: Repeating last play command: Selected Viewport
[2019.03.08-12.18.19:892][787]LogBlueprintUserMessages: Early PlayInEditor Detection: Level '/Game/Level1.Level1:PersistentLevel' has LevelScriptBlueprint '/Game/Level1.Level1:PersistentLevel.Level1' with GeneratedClass '/Game/Level1.Level1_C' with ClassGeneratedBy '/Game/Level1.Level1:PersistentLevel.Level1'
[2019.03.08-12.18.19:892][787]LogPlayLevel: PlayLevel: No blueprints needed recompiling
[2019.03.08-12.18.19:892][787]PIE: New page: PIE session: Level1 (8 Mar 2019 12:18:19)
[2019.03.08-12.18.19:892][787]LogPlayLevel: Creating play world package: /Game/UEDPIE_0_Level1
[2019.03.08-12.18.19:902][787]LogPlayLevel: PIE: StaticDuplicateObject took: (0.009537s)
[2019.03.08-12.18.19:902][787]LogAIModule: Creating AISystem for world Level1
[2019.03.08-12.18.19:903][787]LogPlayLevel: PIE: World Init took: (0.000548s)
[2019.03.08-12.18.19:903][787]LogPlayLevel: PIE: Created PIE world by copying editor world from /Game/Level1.Level1 to /Game/UEDPIE_0_Level1.Level1 (0.010178s)
[2019.03.08-12.18.19:954][787]LogInit: XAudio2 using 'LEN LT2323pwA (NVIDIA High Definition Audio)' : 2 channels at 48 kHz using 16 bits per sample (channel mask 0x3)
[2019.03.08-12.18.19:968][787]LogInit: FAudioDevice initialized.
[2019.03.08-12.18.20:003][787]LogLoad: Game class is 'GameModeBase'
[2019.03.08-12.18.20:006][787]LogWorld: Bringing World /Game/UEDPIE_0_Level1.Level1 up for play (max tick rate 0) at 2019.03.08-12.18.20
[2019.03.08-12.18.20:006][787]LogWorld: Bringing up level for play took: 0.002113
[2019.03.08-12.18.20:019][787]PIE: Play in editor start time for /Game/UEDPIE_0_Level1 0.681
[2019.03.08-12.18.20:019][787]LogBlueprintUserMessages: Late PlayInEditor Detection: Level '/Game/Level1.Level1:PersistentLevel' has LevelScriptBlueprint '/Game/Level1.Level1:PersistentLevel.Level1' with GeneratedClass '/Game/Level1.Level1_C' with ClassGeneratedBy '/Game/Level1.Level1:PersistentLevel.Level1'
[2019.03.08-12.19.11:236][929]LogBlueprintUserMessages: Early EndPlayMap Detection: Level '/Game/Level1.Level1:PersistentLevel' has LevelScriptBlueprint '/Game/Level1.Level1:PersistentLevel.Level1' with GeneratedClass '/Game/Level1.Level1_C' with ClassGeneratedBy '/Game/Level1.Level1:PersistentLevel.Level1'
[2019.03.08-12.19.11:237][929]LogSlate: Updating window title bar state: overlay mode, drag disabled, window buttons hidden, title bar hidden
[2019.03.08-12.19.11:284][929]LogPlayLevel: Display: Shutting down PIE online subsystems
[2019.03.08-12.19.11:285][929]LogBlueprintUserMessages: Late EndPlayMap Detection: Level '/Game/Level1.Level1:PersistentLevel' has LevelScriptBlueprint '/Game/Level1.Level1:PersistentLevel.Level1' with GeneratedClass '/Game/Level1.Level1_C' with ClassGeneratedBy '/Game/Level1.Level1:PersistentLevel.Level1'
[2019.03.08-12.19.11:312][929]LogSlate: Updating window title bar state: overlay mode, drag disabled, window buttons hidden, title bar hidden
[2019.03.08-12.19.11:337][931]LogPlayLevel: Display: Destroying online subsystem :Context_21
[2019.03.08-12.19.12:037][ 15]LogSlate: FSceneViewport::OnFocusLost() reason 0
[2019.03.08-12.19.12:134][ 25]Cmd: OBJ SAVEPACKAGE PACKAGE="/Game/Level1" FILE="../../../../../../Users/K1735768/Downloads/git folder/GitProject/Content/Level1.umap" SILENT=true AUTOSAVING=false KEEPDIRTY=false
[2019.03.08-12.19.12:442][ 25]LogSavePackage: Moving '../../../../../../Users/K1735768/Downloads/git folder/GitProject/Saved/Level1C8D5C9284BF7ED550E49A6AB794F22B8.tmp' to '../../../../../../Users/K1735768/Downloads/git folder/GitProject/Content/Level1.umap'
[2019.03.08-12.19.13:757][168]LogSlate: FSceneViewport::OnFocusLost() reason 2
[2019.03.08-12.19.14:618][271]LogSlate: FSceneViewport::OnFocusLost() reason 2
[2019.03.08-12.20.19:525][ 58]LogWindows: Warning: CreateProc failed: Access is denied. (0x00000005)
[2019.03.08-12.20.19:525][ 58]LogWindows: Warning: URL: D:/Git/bin version
[2019.03.08-12.20.30:419][420]LogSlate: Window 'Source Control Login' being destroyed
